

Started GET "/" for 127.0.0.1 at 2014-05-08 23:12:18 -0400

ActiveRecord::PendingMigrationError - Migrations are pending; run 'bin/rake db:migrate RAILS_ENV=development' to resolve this issue.:
  activerecord (4.0.3) lib/active_record/migration.rb:379:in `check_pending!'
  activerecord (4.0.3) lib/active_record/migration.rb:366:in `call'
  actionpack (4.0.3) lib/action_dispatch/middleware/callbacks.rb:29:in `block in call'
  activesupport (4.0.3) lib/active_support/callbacks.rb:373:in `_run__1061900910022962247__call__callbacks'
  activesupport (4.0.3) lib/active_support/callbacks.rb:80:in `run_callbacks'
  actionpack (4.0.3) lib/action_dispatch/middleware/callbacks.rb:27:in `call'
  actionpack (4.0.3) lib/action_dispatch/middleware/reloader.rb:64:in `call'
  actionpack (4.0.3) lib/action_dispatch/middleware/remote_ip.rb:76:in `call'
  better_errors (1.1.0) lib/better_errors/middleware.rb:84:in `protected_app_call'
  better_errors (1.1.0) lib/better_errors/middleware.rb:79:in `better_errors_call'
  better_errors (1.1.0) lib/better_errors/middleware.rb:56:in `call'
  actionpack (4.0.3) lib/action_dispatch/middleware/debug_exceptions.rb:17:in `call'
  actionpack (4.0.3) lib/action_dispatch/middleware/show_exceptions.rb:30:in `call'
  railties (4.0.3) lib/rails/rack/logger.rb:38:in `call_app'
  railties (4.0.3) lib/rails/rack/logger.rb:20:in `block in call'
  activesupport (4.0.3) lib/active_support/tagged_logging.rb:67:in `block in tagged'
  activesupport (4.0.3) lib/active_support/tagged_logging.rb:25:in `tagged'
  activesupport (4.0.3) lib/active_support/tagged_logging.rb:67:in `tagged'
  railties (4.0.3) lib/rails/rack/logger.rb:20:in `call'
  actionpack (4.0.3) lib/action_dispatch/middleware/request_id.rb:21:in `call'
  rack (1.5.2) lib/rack/methodoverride.rb:21:in `call'
  rack (1.5.2) lib/rack/runtime.rb:17:in `call'
  activesupport (4.0.3) lib/active_support/cache/strategy/local_cache.rb:83:in `call'
  rack (1.5.2) lib/rack/lock.rb:17:in `call'
  rack-livereload (0.3.15) lib/rack/livereload.rb:23:in `_call'
  rack-livereload (0.3.15) lib/rack/livereload.rb:14:in `call'
  actionpack (4.0.3) lib/action_dispatch/middleware/static.rb:64:in `call'
  rack (1.5.2) lib/rack/sendfile.rb:112:in `call'
  railties (4.0.3) lib/rails/engine.rb:511:in `call'
  railties (4.0.3) lib/rails/application.rb:97:in `call'
  rack (1.5.2) lib/rack/lint.rb:49:in `_call'
  rack (1.5.2) lib/rack/lint.rb:37:in `call'
  rack (1.5.2) lib/rack/showexceptions.rb:24:in `call'
  rack (1.5.2) lib/rack/commonlogger.rb:33:in `call'
  rack (1.5.2) lib/rack/chunked.rb:43:in `call'
  rack (1.5.2) lib/rack/content_length.rb:14:in `call'
  unicorn (4.8.2) lib/unicorn/http_server.rb:572:in `process_client'
  unicorn (4.8.2) lib/unicorn/http_server.rb:666:in `worker_loop'
  unicorn (4.8.2) lib/unicorn/http_server.rb:521:in `spawn_missing_workers'
  unicorn (4.8.2) lib/unicorn/http_server.rb:140:in `start'
  unicorn (4.8.2) bin/unicorn:126:in `<top (required)>'
   () Users/msdark/.rvm/gems/ruby-2.1.1/bin/unicorn:23:in `<main>'
   () Users/msdark/.rvm/gems/ruby-2.1.1/bin/ruby_executable_hooks:15:in `<main>'



Started POST "/__better_errors/70317442736760/variables" for 127.0.0.1 at 2014-05-08 23:12:30 -0400
  [1m[36m (468.2ms)[0m  [1mCREATE TABLE `schema_migrations` (`version` varchar(255) NOT NULL) ENGINE=InnoDB[0m
  [1m[35m (267.6ms)[0m  CREATE UNIQUE INDEX `unique_schema_migrations` ON `schema_migrations` (`version`) 
  [1m[36mActiveRecord::SchemaMigration Load (41.4ms)[0m  [1mSELECT `schema_migrations`.* FROM `schema_migrations`[0m
Migrating to CreateTips (20140312013859)
  [1m[35m (193.2ms)[0m  CREATE TABLE `tips` (`id` int(11) DEFAULT NULL auto_increment PRIMARY KEY, `titulo` varchar(255), `image` varchar(255), `texto` varchar(255), `created_at` datetime, `updated_at` datetime) ENGINE=InnoDB
  [1m[36m (3.9ms)[0m  [1mBEGIN[0m
  [1m[35mSQL (20.4ms)[0m  INSERT INTO `schema_migrations` (`version`) VALUES ('20140312013859')
  [1m[36m (8.3ms)[0m  [1mCOMMIT[0m
Migrating to DeviseCreateAdminUsers (20140312181718)
  [1m[35m (197.5ms)[0m  CREATE TABLE `admin_users` (`id` int(11) DEFAULT NULL auto_increment PRIMARY KEY, `email` varchar(255) DEFAULT '' NOT NULL, `encrypted_password` varchar(255) DEFAULT '' NOT NULL, `reset_password_token` varchar(255), `reset_password_sent_at` datetime, `remember_created_at` datetime, `sign_in_count` int(11) DEFAULT 0 NOT NULL, `current_sign_in_at` datetime, `last_sign_in_at` datetime, `current_sign_in_ip` varchar(255), `last_sign_in_ip` varchar(255), `created_at` datetime, `updated_at` datetime) ENGINE=InnoDB
  [1m[36m (131.3ms)[0m  [1mCREATE UNIQUE INDEX `index_admin_users_on_email` ON `admin_users` (`email`) [0m
  [1m[35m (111.4ms)[0m  CREATE UNIQUE INDEX `index_admin_users_on_reset_password_token` ON `admin_users` (`reset_password_token`) 
  [1m[36m (0.5ms)[0m  [1mBEGIN[0m
  [1m[35mAdminUser Exists (34.8ms)[0m  SELECT 1 AS one FROM `admin_users` WHERE `admin_users`.`email` = BINARY 'admin@viverelajacion.cl' LIMIT 1
  [1m[36mSQL (1.0ms)[0m  [1mINSERT INTO `admin_users` (`created_at`, `email`, `encrypted_password`, `updated_at`) VALUES ('2014-05-09 03:13:18', 'admin@viverelajacion.cl', '$2a$10$QjWNagKdIBPhO4eQ4EY5uu5TaDS0AAGXBQ8l3cKSxIvkM4LDWNATu', '2014-05-09 03:13:18')[0m
  [1m[35m (0.6ms)[0m  COMMIT
  [1m[36m (0.2ms)[0m  [1mBEGIN[0m
  [1m[35mSQL (0.4ms)[0m  INSERT INTO `schema_migrations` (`version`) VALUES ('20140312181718')
  [1m[36m (15.4ms)[0m  [1mCOMMIT[0m
Migrating to CreateActiveAdminComments (20140312181725)
  [1m[35m (65.1ms)[0m  CREATE TABLE `active_admin_comments` (`id` int(11) DEFAULT NULL auto_increment PRIMARY KEY, `namespace` varchar(255), `body` text, `resource_id` varchar(255) NOT NULL, `resource_type` varchar(255) NOT NULL, `author_id` int(11), `author_type` varchar(255), `created_at` datetime, `updated_at` datetime) ENGINE=InnoDB
  [1m[36m (144.5ms)[0m  [1mCREATE INDEX `index_active_admin_comments_on_namespace` ON `active_admin_comments` (`namespace`) [0m
  [1m[35m (112.4ms)[0m  CREATE INDEX `index_active_admin_comments_on_author_type_and_author_id` ON `active_admin_comments` (`author_type`, `author_id`) 
  [1m[36m (154.5ms)[0m  [1mCREATE INDEX `index_active_admin_comments_on_resource_type_and_resource_id` ON `active_admin_comments` (`resource_type`, `resource_id`) [0m
  [1m[35m (0.3ms)[0m  BEGIN
  [1m[36mSQL (0.8ms)[0m  [1mINSERT INTO `schema_migrations` (`version`) VALUES ('20140312181725')[0m
  [1m[35m (0.7ms)[0m  COMMIT
Migrating to AddPortadaToTip (20140312203834)
  [1m[36m (147.4ms)[0m  [1mALTER TABLE `tips` ADD `portada_file_name` varchar(255)[0m
  [1m[35m (133.9ms)[0m  ALTER TABLE `tips` ADD `portada_content_type` varchar(255)
  [1m[36m (133.8ms)[0m  [1mALTER TABLE `tips` ADD `portada_file_size` int(11)[0m
  [1m[35m (135.9ms)[0m  ALTER TABLE `tips` ADD `portada_updated_at` datetime
  [1m[36m (0.2ms)[0m  [1mBEGIN[0m
  [1m[35mSQL (0.4ms)[0m  INSERT INTO `schema_migrations` (`version`) VALUES ('20140312203834')
  [1m[36m (0.8ms)[0m  [1mCOMMIT[0m
Migrating to CreateProductos (20140312204431)
  [1m[35m (144.4ms)[0m  CREATE TABLE `productos` (`id` int(11) DEFAULT NULL auto_increment PRIMARY KEY, `nombre` varchar(255), `precio` int(11), `descripcion` text, `created_at` datetime, `updated_at` datetime) ENGINE=InnoDB
  [1m[36m (0.2ms)[0m  [1mBEGIN[0m
  [1m[35mSQL (0.4ms)[0m  INSERT INTO `schema_migrations` (`version`) VALUES ('20140312204431')
  [1m[36m (0.8ms)[0m  [1mCOMMIT[0m
Migrating to AddAttachmentImagenToProductos (20140312204630)
  [1m[35m (175.2ms)[0m  ALTER TABLE `productos` ADD `imagen_file_name` varchar(255)
  [1m[36m (173.3ms)[0m  [1mALTER TABLE `productos` ADD `imagen_content_type` varchar(255)[0m
  [1m[35m (146.5ms)[0m  ALTER TABLE `productos` ADD `imagen_file_size` int(11)
  [1m[36m (167.2ms)[0m  [1mALTER TABLE `productos` ADD `imagen_updated_at` datetime[0m
  [1m[35m (0.2ms)[0m  BEGIN
  [1m[36mSQL (0.3ms)[0m  [1mINSERT INTO `schema_migrations` (`version`) VALUES ('20140312204630')[0m
  [1m[35m (0.6ms)[0m  COMMIT
Migrating to AddClaseToProducto (20140314021300)
  [1m[36m (155.5ms)[0m  [1mALTER TABLE `productos` ADD `clase` varchar(255)[0m
  [1m[35m (0.2ms)[0m  BEGIN
  [1m[36mSQL (0.3ms)[0m  [1mINSERT INTO `schema_migrations` (`version`) VALUES ('20140314021300')[0m
  [1m[35m (0.6ms)[0m  COMMIT
Migrating to AddValorDescuentoToProducto (20140314122141)
  [1m[36m (231.2ms)[0m  [1mALTER TABLE `productos` ADD `descuento` int(11)[0m
  [1m[35m (0.2ms)[0m  BEGIN
  [1m[36mSQL (0.4ms)[0m  [1mINSERT INTO `schema_migrations` (`version`) VALUES ('20140314122141')[0m
  [1m[35m (0.7ms)[0m  COMMIT
Migrating to TipTextoAsText (20140317124222)
  [1m[36m (336.6ms)[0m  [1mALTER TABLE `tips` CHANGE `texto` `texto` text DEFAULT NULL[0m
  [1m[35m (0.3ms)[0m  BEGIN
  [1m[36mSQL (0.4ms)[0m  [1mINSERT INTO `schema_migrations` (`version`) VALUES ('20140317124222')[0m
  [1m[35m (0.6ms)[0m  COMMIT
Migrating to AddPortadaMetaToTips (20140328165222)
  [1m[36m (278.9ms)[0m  [1mALTER TABLE `tips` ADD `portada_meta` text[0m
  [1m[35m (0.3ms)[0m  BEGIN
  [1m[36mSQL (0.5ms)[0m  [1mINSERT INTO `schema_migrations` (`version`) VALUES ('20140328165222')[0m
  [1m[35m (0.6ms)[0m  COMMIT
Migrating to AddImagenMetaToProductos (20140328165335)
  [1m[36m (1736.4ms)[0m  [1mALTER TABLE `productos` ADD `imagen_meta` text[0m
  [1m[35m (0.2ms)[0m  BEGIN
  [1m[36mSQL (0.4ms)[0m  [1mINSERT INTO `schema_migrations` (`version`) VALUES ('20140328165335')[0m
  [1m[35m (0.5ms)[0m  COMMIT
  [1m[36mActiveRecord::SchemaMigration Load (0.3ms)[0m  [1mSELECT `schema_migrations`.* FROM `schema_migrations`[0m


Started GET "/" for 127.0.0.1 at 2014-05-08 23:17:04 -0400
  [1m[36mActiveRecord::SchemaMigration Load (0.6ms)[0m  [1mSELECT `schema_migrations`.* FROM `schema_migrations`[0m
Processing by HomeController#index as HTML
  [1m[35mTip Load (51.3ms)[0m  SELECT `tips`.* FROM `tips` ORDER BY created_at DESC LIMIT 1
  [1m[36mProducto Load (0.6ms)[0m  [1mSELECT `productos`.* FROM `productos` ORDER BY created_at DESC LIMIT 1[0m
  [1m[35mProducto Load (32.3ms)[0m  SELECT `productos`.* FROM `productos` WHERE (descuento > 0) ORDER BY created_at LIMIT 4
  [1m[36mTip Load (0.5ms)[0m  [1mSELECT `tips`.* FROM `tips` ORDER BY created_at LIMIT 4[0m
  Rendered home/index.html.erb within layouts/application (162.0ms)
Completed 200 OK in 10088ms (Views: 9877.1ms | ActiveRecord: 84.7ms)


Started GET "/assets/store.css?body=1" for 127.0.0.1 at 2014-05-08 23:17:21 -0400




Started GET "/assets/service.css?body=1" for 127.0.0.1 at 2014-05-08 23:17:22 -0400
Started GET "/assets/equipo.css?body=1" for 127.0.0.1 at 2014-05-08 23:17:22 -0400


Started GET "/assets/tips.css?body=1" for 127.0.0.1 at 2014-05-08 23:17:22 -0400


Started GET "/assets/twitter/bootstrap.css?body=1" for 127.0.0.1 at 2014-05-08 23:17:23 -0400
  [1m[36mActiveRecord::SchemaMigration Load (0.6ms)[0m  [1mSELECT `schema_migrations`.* FROM `schema_migrations`[0m
  [1m[36mActiveRecord::SchemaMigration Load (0.6ms)[0m  [1mSELECT `schema_migrations`.* FROM `schema_migrations`[0m


Started GET "/assets/main.css?body=1" for 127.0.0.1 at 2014-05-08 23:17:28 -0400


Started GET "/assets/jquery.js?body=1" for 127.0.0.1 at 2014-05-08 23:17:28 -0400


Started GET "/assets/jquery.turbolinks.js?body=1" for 127.0.0.1 at 2014-05-08 23:17:28 -0400


Started GET "/assets/jquery_ujs.js?body=1" for 127.0.0.1 at 2014-05-08 23:17:29 -0400


Started GET "/assets/twitter/bootstrap/carousel.js?body=1" for 127.0.0.1 at 2014-05-08 23:17:29 -0400


Started GET "/assets/twitter/bootstrap/alert.js?body=1" for 127.0.0.1 at 2014-05-08 23:17:29 -0400


Started GET "/assets/turbolinks.js?body=1" for 127.0.0.1 at 2014-05-08 23:17:29 -0400


Started GET "/assets/application.js?body=1" for 127.0.0.1 at 2014-05-08 23:17:29 -0400






Started GET "/assets/loading.gif" for 127.0.0.1 at 2014-05-08 23:17:32 -0400
Started GET "/assets/img_logo-footer.png" for 127.0.0.1 at 2014-05-08 23:17:32 -0400
Started GET "/assets/img_logo-header.png" for 127.0.0.1 at 2014-05-08 23:17:32 -0400


Started GET "/assets/img_logomunki-footer.png" for 127.0.0.1 at 2014-05-08 23:17:33 -0400


Started GET "/assets/img_portada.jpg" for 127.0.0.1 at 2014-05-08 23:17:38 -0400


Started GET "/assets/img_servicio-kine.png" for 127.0.0.1 at 2014-05-08 23:17:39 -0400


Started GET "/assets/img_servicio-masaje.png" for 127.0.0.1 at 2014-05-08 23:17:39 -0400


Started GET "/assets/img_servicio-fisico.png" for 127.0.0.1 at 2014-05-08 23:17:39 -0400


Started GET "/assets/btn_fb_normal.png" for 127.0.0.1 at 2014-05-08 23:17:40 -0400


Started GET "/service/masaje/" for 127.0.0.1 at 2014-05-08 23:18:00 -0400
Processing by ServiceController#masaje as HTML
  Rendered service/_portada.html.erb (1.1ms)
  Rendered service/masaje.html.erb within layouts/application (232.6ms)
Completed 200 OK in 2857ms (Views: 2756.2ms | ActiveRecord: 0.0ms)


Started GET "/images/masaje/descontracturante.jpg" for 127.0.0.1 at 2014-05-08 23:18:03 -0400


Started GET "/images/masaje/piedras.jpg" for 127.0.0.1 at 2014-05-08 23:18:03 -0400

ActionController::RoutingError (No route matches [GET] "/images/masaje/descontracturante.jpg"):
  actionpack (4.0.3) lib/action_dispatch/middleware/debug_exceptions.rb:21:in `call'
  actionpack (4.0.3) lib/action_dispatch/middleware/show_exceptions.rb:30:in `call'
  railties (4.0.3) lib/rails/rack/logger.rb:38:in `call_app'
  railties (4.0.3) lib/rails/rack/logger.rb:20:in `block in call'
  activesupport (4.0.3) lib/active_support/tagged_logging.rb:67:in `block in tagged'
  activesupport (4.0.3) lib/active_support/tagged_logging.rb:25:in `tagged'
  activesupport (4.0.3) lib/active_support/tagged_logging.rb:67:in `tagged'
  railties (4.0.3) lib/rails/rack/logger.rb:20:in `call'
  actionpack (4.0.3) lib/action_dispatch/middleware/request_id.rb:21:in `call'
  rack (1.5.2) lib/rack/methodoverride.rb:21:in `call'
  rack (1.5.2) lib/rack/runtime.rb:17:in `call'
  activesupport (4.0.3) lib/active_support/cache/strategy/local_cache.rb:83:in `call'
  rack (1.5.2) lib/rack/lock.rb:17:in `call'
  rack-livereload (0.3.15) lib/rack/livereload.rb:23:in `_call'
  rack-livereload (0.3.15) lib/rack/livereload.rb:14:in `call'
  actionpack (4.0.3) lib/action_dispatch/middleware/static.rb:64:in `call'
  rack (1.5.2) lib/rack/sendfile.rb:112:in `call'
  railties (4.0.3) lib/rails/engine.rb:511:in `call'
  railties (4.0.3) lib/rails/application.rb:97:in `call'
  rack (1.5.2) lib/rack/lint.rb:49:in `_call'
  rack (1.5.2) lib/rack/lint.rb:37:in `call'
  rack (1.5.2) lib/rack/showexceptions.rb:24:in `call'
  rack (1.5.2) lib/rack/commonlogger.rb:33:in `call'
  rack (1.5.2) lib/rack/chunked.rb:43:in `call'
  rack (1.5.2) lib/rack/content_length.rb:14:in `call'
  unicorn (4.8.2) lib/unicorn/http_server.rb:572:in `process_client'
  unicorn (4.8.2) lib/unicorn/http_server.rb:666:in `worker_loop'
  unicorn (4.8.2) lib/unicorn/http_server.rb:521:in `spawn_missing_workers'
  unicorn (4.8.2) lib/unicorn/http_server.rb:140:in `start'
  unicorn (4.8.2) bin/unicorn:126:in `<top (required)>'
  /Users/msdark/.rvm/gems/ruby-2.1.1/bin/unicorn:23:in `load'
  /Users/msdark/.rvm/gems/ruby-2.1.1/bin/unicorn:23:in `<main>'
  /Users/msdark/.rvm/gems/ruby-2.1.1/bin/ruby_executable_hooks:15:in `eval'
  /Users/msdark/.rvm/gems/ruby-2.1.1/bin/ruby_executable_hooks:15:in `<main>'




Started GET "/images/masaje/relajo.jpg" for 127.0.0.1 at 2014-05-08 23:18:03 -0400

ActionController::RoutingError (No route matches [GET] "/images/masaje/relajo.jpg"):
  actionpack (4.0.3) lib/action_dispatch/middleware/debug_exceptions.rb:21:in `call'
  actionpack (4.0.3) lib/action_dispatch/middleware/show_exceptions.rb:30:in `call'
  railties (4.0.3) lib/rails/rack/logger.rb:38:in `call_app'
  railties (4.0.3) lib/rails/rack/logger.rb:20:in `block in call'
  activesupport (4.0.3) lib/active_support/tagged_logging.rb:67:in `block in tagged'
  activesupport (4.0.3) lib/active_support/tagged_logging.rb:25:in `tagged'
  activesupport (4.0.3) lib/active_support/tagged_logging.rb:67:in `tagged'
  railties (4.0.3) lib/rails/rack/logger.rb:20:in `call'
  actionpack (4.0.3) lib/action_dispatch/middleware/request_id.rb:21:in `call'
  rack (1.5.2) lib/rack/methodoverride.rb:21:in `call'
  rack (1.5.2) lib/rack/runtime.rb:17:in `call'
  activesupport (4.0.3) lib/active_support/cache/strategy/local_cache.rb:83:in `call'
  rack (1.5.2) lib/rack/lock.rb:17:in `call'
  rack-livereload (0.3.15) lib/rack/livereload.rb:23:in `_call'
  rack-livereload (0.3.15) lib/rack/livereload.rb:14:in `call'
  actionpack (4.0.3) lib/action_dispatch/middleware/static.rb:64:in `call'
  rack (1.5.2) lib/rack/sendfile.rb:112:in `call'
  railties (4.0.3) lib/rails/engine.rb:511:in `call'
  railties (4.0.3) lib/rails/application.rb:97:in `call'
  rack (1.5.2) lib/rack/lint.rb:49:in `_call'
  rack (1.5.2) lib/rack/lint.rb:37:in `call'
  rack (1.5.2) lib/rack/showexceptions.rb:24:in `call'
  rack (1.5.2) lib/rack/commonlogger.rb:33:in `call'
  rack (1.5.2) lib/rack/chunked.rb:43:in `call'
  rack (1.5.2) lib/rack/content_length.rb:14:in `call'
  unicorn (4.8.2) lib/unicorn/http_server.rb:572:in `process_client'
  unicorn (4.8.2) lib/unicorn/http_server.rb:666:in `worker_loop'
  unicorn (4.8.2) lib/unicorn/http_server.rb:521:in `spawn_missing_workers'
  unicorn (4.8.2) lib/unicorn/http_server.rb:140:in `start'
  unicorn (4.8.2) bin/unicorn:126:in `<top (required)>'
  /Users/msdark/.rvm/gems/ruby-2.1.1/bin/unicorn:23:in `load'
  /Users/msdark/.rvm/gems/ruby-2.1.1/bin/unicorn:23:in `<main>'
  /Users/msdark/.rvm/gems/ruby-2.1.1/bin/ruby_executable_hooks:15:in `eval'
  /Users/msdark/.rvm/gems/ruby-2.1.1/bin/ruby_executable_hooks:15:in `<main>'


  Rendered /Users/msdark/.rvm/gems/ruby-2.1.1/gems/actionpack-4.0.3/lib/action_dispatch/middleware/templates/rescues/_trace.erb (1.8ms)
  Rendered /Users/msdark/.rvm/gems/ruby-2.1.1/gems/actionpack-4.0.3/lib/action_dispatch/middleware/templates/rescues/_trace.erb (2.6ms)
  Rendered /Users/msdark/.rvm/gems/ruby-2.1.1/gems/actionpack-4.0.3/lib/action_dispatch/middleware/templates/routes/_route.html.erb (8.2ms)
  Rendered /Users/msdark/.rvm/gems/ruby-2.1.1/gems/actionpack-4.0.3/lib/action_dispatch/middleware/templates/routes/_table.html.erb (25.0ms)
  Rendered /Users/msdark/.rvm/gems/ruby-2.1.1/gems/actionpack-4.0.3/lib/action_dispatch/middleware/templates/rescues/routing_error.erb within rescues/layout (289.6ms)
  Rendered /Users/msdark/.rvm/gems/ruby-2.1.1/gems/actionpack-4.0.3/lib/action_dispatch/middleware/templates/routes/_route.html.erb (61.5ms)

ActionController::RoutingError (No route matches [GET] "/images/masaje/piedras.jpg"):
  actionpack (4.0.3) lib/action_dispatch/middleware/debug_exceptions.rb:21:in `call'
  actionpack (4.0.3) lib/action_dispatch/middleware/show_exceptions.rb:30:in `call'
  railties (4.0.3) lib/rails/rack/logger.rb:38:in `call_app'
  railties (4.0.3) lib/rails/rack/logger.rb:20:in `block in call'
  activesupport (4.0.3) lib/active_support/tagged_logging.rb:67:in `block in tagged'
  activesupport (4.0.3) lib/active_support/tagged_logging.rb:25:in `tagged'
  activesupport (4.0.3) lib/active_support/tagged_logging.rb:67:in `tagged'
  railties (4.0.3) lib/rails/rack/logger.rb:20:in `call'
  actionpack (4.0.3) lib/action_dispatch/middleware/request_id.rb:21:in `call'
  rack (1.5.2) lib/rack/methodoverride.rb:21:in `call'
  rack (1.5.2) lib/rack/runtime.rb:17:in `call'
  activesupport (4.0.3) lib/active_support/cache/strategy/local_cache.rb:83:in `call'
  rack (1.5.2) lib/rack/lock.rb:17:in `call'
  rack-livereload (0.3.15) lib/rack/livereload.rb:23:in `_call'
  rack-livereload (0.3.15) lib/rack/livereload.rb:14:in `call'
  actionpack (4.0.3) lib/action_dispatch/middleware/static.rb:64:in `call'
  rack (1.5.2) lib/rack/sendfile.rb:112:in `call'
  railties (4.0.3) lib/rails/engine.rb:511:in `call'
  railties (4.0.3) lib/rails/application.rb:97:in `call'
  rack (1.5.2) lib/rack/lint.rb:49:in `_call'
  rack (1.5.2) lib/rack/lint.rb:37:in `call'
  rack (1.5.2) lib/rack/showexceptions.rb:24:in `call'
  rack (1.5.2) lib/rack/commonlogger.rb:33:in `call'
  rack (1.5.2) lib/rack/chunked.rb:43:in `call'
  rack (1.5.2) lib/rack/content_length.rb:14:in `call'
  unicorn (4.8.2) lib/unicorn/http_server.rb:572:in `process_client'
  unicorn (4.8.2) lib/unicorn/http_server.rb:666:in `worker_loop'
  unicorn (4.8.2) lib/unicorn/http_server.rb:521:in `spawn_missing_workers'
  unicorn (4.8.2) lib/unicorn/http_server.rb:140:in `start'
  unicorn (4.8.2) bin/unicorn:126:in `<top (required)>'
  /Users/msdark/.rvm/gems/ruby-2.1.1/bin/unicorn:23:in `load'
  /Users/msdark/.rvm/gems/ruby-2.1.1/bin/unicorn:23:in `<main>'
  /Users/msdark/.rvm/gems/ruby-2.1.1/bin/ruby_executable_hooks:15:in `eval'
  /Users/msdark/.rvm/gems/ruby-2.1.1/bin/ruby_executable_hooks:15:in `<main>'




Started GET "/assets/btn_home.png" for 127.0.0.1 at 2014-05-08 23:18:04 -0400
  Rendered /Users/msdark/.rvm/gems/ruby-2.1.1/gems/actionpack-4.0.3/lib/action_dispatch/middleware/templates/rescues/_trace.erb (1.7ms)
  Rendered /Users/msdark/.rvm/gems/ruby-2.1.1/gems/actionpack-4.0.3/lib/action_dispatch/middleware/templates/routes/_table.html.erb (54.3ms)
  Rendered /Users/msdark/.rvm/gems/ruby-2.1.1/gems/actionpack-4.0.3/lib/action_dispatch/middleware/templates/rescues/routing_error.erb within rescues/layout (390.5ms)


Started GET "/masaje/portada-masaje.jpg" for 127.0.0.1 at 2014-05-08 23:18:04 -0400

ActionController::RoutingError (No route matches [GET] "/masaje/portada-masaje.jpg"):
  actionpack (4.0.3) lib/action_dispatch/middleware/debug_exceptions.rb:21:in `call'
  actionpack (4.0.3) lib/action_dispatch/middleware/show_exceptions.rb:30:in `call'
  railties (4.0.3) lib/rails/rack/logger.rb:38:in `call_app'
  railties (4.0.3) lib/rails/rack/logger.rb:20:in `block in call'
  activesupport (4.0.3) lib/active_support/tagged_logging.rb:67:in `block in tagged'
  activesupport (4.0.3) lib/active_support/tagged_logging.rb:25:in `tagged'
  activesupport (4.0.3) lib/active_support/tagged_logging.rb:67:in `tagged'
  railties (4.0.3) lib/rails/rack/logger.rb:20:in `call'
  actionpack (4.0.3) lib/action_dispatch/middleware/request_id.rb:21:in `call'
  rack (1.5.2) lib/rack/methodoverride.rb:21:in `call'
  rack (1.5.2) lib/rack/runtime.rb:17:in `call'
  activesupport (4.0.3) lib/active_support/cache/strategy/local_cache.rb:83:in `call'
  rack (1.5.2) lib/rack/lock.rb:17:in `call'
  rack-livereload (0.3.15) lib/rack/livereload.rb:23:in `_call'
  rack-livereload (0.3.15) lib/rack/livereload.rb:14:in `call'
  actionpack (4.0.3) lib/action_dispatch/middleware/static.rb:64:in `call'
  rack (1.5.2) lib/rack/sendfile.rb:112:in `call'
  railties (4.0.3) lib/rails/engine.rb:511:in `call'
  railties (4.0.3) lib/rails/application.rb:97:in `call'
  rack (1.5.2) lib/rack/lint.rb:49:in `_call'
  rack (1.5.2) lib/rack/lint.rb:37:in `call'
  rack (1.5.2) lib/rack/showexceptions.rb:24:in `call'
  rack (1.5.2) lib/rack/commonlogger.rb:33:in `call'
  rack (1.5.2) lib/rack/chunked.rb:43:in `call'
  rack (1.5.2) lib/rack/content_length.rb:14:in `call'
  unicorn (4.8.2) lib/unicorn/http_server.rb:572:in `process_client'
  unicorn (4.8.2) lib/unicorn/http_server.rb:666:in `worker_loop'
  unicorn (4.8.2) lib/unicorn/http_server.rb:521:in `spawn_missing_workers'
  unicorn (4.8.2) lib/unicorn/http_server.rb:140:in `start'
  unicorn (4.8.2) bin/unicorn:126:in `<top (required)>'
  /Users/msdark/.rvm/gems/ruby-2.1.1/bin/unicorn:23:in `load'
  /Users/msdark/.rvm/gems/ruby-2.1.1/bin/unicorn:23:in `<main>'
  /Users/msdark/.rvm/gems/ruby-2.1.1/bin/ruby_executable_hooks:15:in `eval'
  /Users/msdark/.rvm/gems/ruby-2.1.1/bin/ruby_executable_hooks:15:in `<main>'


  Rendered /Users/msdark/.rvm/gems/ruby-2.1.1/gems/actionpack-4.0.3/lib/action_dispatch/middleware/templates/rescues/_trace.erb (1.9ms)
  Rendered /Users/msdark/.rvm/gems/ruby-2.1.1/gems/actionpack-4.0.3/lib/action_dispatch/middleware/templates/routes/_route.html.erb (7.3ms)
  Rendered /Users/msdark/.rvm/gems/ruby-2.1.1/gems/actionpack-4.0.3/lib/action_dispatch/middleware/templates/routes/_table.html.erb (7.2ms)
  Rendered /Users/msdark/.rvm/gems/ruby-2.1.1/gems/actionpack-4.0.3/lib/action_dispatch/middleware/templates/rescues/routing_error.erb within rescues/layout (201.5ms)
  Rendered /Users/msdark/.rvm/gems/ruby-2.1.1/gems/actionpack-4.0.3/lib/action_dispatch/middleware/templates/routes/_route.html.erb (7.8ms)
  Rendered /Users/msdark/.rvm/gems/ruby-2.1.1/gems/actionpack-4.0.3/lib/action_dispatch/middleware/templates/routes/_table.html.erb (1.7ms)
  Rendered /Users/msdark/.rvm/gems/ruby-2.1.1/gems/actionpack-4.0.3/lib/action_dispatch/middleware/templates/rescues/routing_error.erb within rescues/layout (129.2ms)


Started GET "/service/kine/" for 127.0.0.1 at 2014-05-08 23:20:35 -0400
Processing by ServiceController#kine as HTML
  Rendered service/_portada.html.erb (0.7ms)
  Rendered service/kine.html.erb within layouts/application (383.1ms)
Completed 200 OK in 3209ms (Views: 1360.8ms | ActiveRecord: 0.0ms)


Started GET "/images/kine/evaluacion%20%20%20%20%20%20%20%20%20%20%20%20%20%20%20%20.jpg" for 127.0.0.1 at 2014-05-08 23:20:40 -0400


Started GET "/assets/kine/rehabilitacion-operados.jpg" for 127.0.0.1 at 2014-05-08 23:20:40 -0400

ActionController::RoutingError (No route matches [GET] "/images/kine/evaluacion%20%20%20%20%20%20%20%20%20%20%20%20%20%20%20%20.jpg"):
  actionpack (4.0.3) lib/action_dispatch/middleware/debug_exceptions.rb:21:in `call'
  actionpack (4.0.3) lib/action_dispatch/middleware/show_exceptions.rb:30:in `call'
  railties (4.0.3) lib/rails/rack/logger.rb:38:in `call_app'
  railties (4.0.3) lib/rails/rack/logger.rb:20:in `block in call'
  activesupport (4.0.3) lib/active_support/tagged_logging.rb:67:in `block in tagged'
  activesupport (4.0.3) lib/active_support/tagged_logging.rb:25:in `tagged'
  activesupport (4.0.3) lib/active_support/tagged_logging.rb:67:in `tagged'
  railties (4.0.3) lib/rails/rack/logger.rb:20:in `call'
  actionpack (4.0.3) lib/action_dispatch/middleware/request_id.rb:21:in `call'
  rack (1.5.2) lib/rack/methodoverride.rb:21:in `call'
  rack (1.5.2) lib/rack/runtime.rb:17:in `call'
  activesupport (4.0.3) lib/active_support/cache/strategy/local_cache.rb:83:in `call'
  rack (1.5.2) lib/rack/lock.rb:17:in `call'
  rack-livereload (0.3.15) lib/rack/livereload.rb:23:in `_call'
  rack-livereload (0.3.15) lib/rack/livereload.rb:14:in `call'
  actionpack (4.0.3) lib/action_dispatch/middleware/static.rb:64:in `call'
  rack (1.5.2) lib/rack/sendfile.rb:112:in `call'
  railties (4.0.3) lib/rails/engine.rb:511:in `call'
  railties (4.0.3) lib/rails/application.rb:97:in `call'
  rack (1.5.2) lib/rack/lint.rb:49:in `_call'
  rack (1.5.2) lib/rack/lint.rb:37:in `call'
  rack (1.5.2) lib/rack/showexceptions.rb:24:in `call'
  rack (1.5.2) lib/rack/commonlogger.rb:33:in `call'
  rack (1.5.2) lib/rack/chunked.rb:43:in `call'
  rack (1.5.2) lib/rack/content_length.rb:14:in `call'
  unicorn (4.8.2) lib/unicorn/http_server.rb:572:in `process_client'
  unicorn (4.8.2) lib/unicorn/http_server.rb:666:in `worker_loop'
  unicorn (4.8.2) lib/unicorn/http_server.rb:521:in `spawn_missing_workers'
  unicorn (4.8.2) lib/unicorn/http_server.rb:140:in `start'
  unicorn (4.8.2) bin/unicorn:126:in `<top (required)>'
  /Users/msdark/.rvm/gems/ruby-2.1.1/bin/unicorn:23:in `load'
  /Users/msdark/.rvm/gems/ruby-2.1.1/bin/unicorn:23:in `<main>'
  /Users/msdark/.rvm/gems/ruby-2.1.1/bin/ruby_executable_hooks:15:in `eval'
  /Users/msdark/.rvm/gems/ruby-2.1.1/bin/ruby_executable_hooks:15:in `<main>'




Started GET "/assets/kine/tobillo.jpg" for 127.0.0.1 at 2014-05-08 23:20:40 -0400


Started GET "/assets/kine/vendajes.jpg" for 127.0.0.1 at 2014-05-08 23:20:40 -0400
  Rendered /Users/msdark/.rvm/gems/ruby-2.1.1/gems/actionpack-4.0.3/lib/action_dispatch/middleware/templates/rescues/_trace.erb (1.6ms)


Started GET "/images/img_servicio-5.jpg" for 127.0.0.1 at 2014-05-08 23:20:40 -0400


Started GET "/assets/kine/reeducacion.jpg" for 127.0.0.1 at 2014-05-08 23:20:40 -0400

ActionController::RoutingError (No route matches [GET] "/images/img_servicio-5.jpg"):
  actionpack (4.0.3) lib/action_dispatch/middleware/debug_exceptions.rb:21:in `call'
  actionpack (4.0.3) lib/action_dispatch/middleware/show_exceptions.rb:30:in `call'
  railties (4.0.3) lib/rails/rack/logger.rb:38:in `call_app'
  railties (4.0.3) lib/rails/rack/logger.rb:20:in `block in call'
  activesupport (4.0.3) lib/active_support/tagged_logging.rb:67:in `block in tagged'
  activesupport (4.0.3) lib/active_support/tagged_logging.rb:25:in `tagged'
  activesupport (4.0.3) lib/active_support/tagged_logging.rb:67:in `tagged'
  railties (4.0.3) lib/rails/rack/logger.rb:20:in `call'
  actionpack (4.0.3) lib/action_dispatch/middleware/request_id.rb:21:in `call'
  rack (1.5.2) lib/rack/methodoverride.rb:21:in `call'
  rack (1.5.2) lib/rack/runtime.rb:17:in `call'
  activesupport (4.0.3) lib/active_support/cache/strategy/local_cache.rb:83:in `call'
  rack (1.5.2) lib/rack/lock.rb:17:in `call'
  rack-livereload (0.3.15) lib/rack/livereload.rb:23:in `_call'
  rack-livereload (0.3.15) lib/rack/livereload.rb:14:in `call'
  actionpack (4.0.3) lib/action_dispatch/middleware/static.rb:64:in `call'
  rack (1.5.2) lib/rack/sendfile.rb:112:in `call'
  railties (4.0.3) lib/rails/engine.rb:511:in `call'
  railties (4.0.3) lib/rails/application.rb:97:in `call'
  rack (1.5.2) lib/rack/lint.rb:49:in `_call'
  rack (1.5.2) lib/rack/lint.rb:37:in `call'
  rack (1.5.2) lib/rack/showexceptions.rb:24:in `call'
  rack (1.5.2) lib/rack/commonlogger.rb:33:in `call'
  rack (1.5.2) lib/rack/chunked.rb:43:in `call'
  rack (1.5.2) lib/rack/content_length.rb:14:in `call'
  unicorn (4.8.2) lib/unicorn/http_server.rb:572:in `process_client'
  unicorn (4.8.2) lib/unicorn/http_server.rb:666:in `worker_loop'
  unicorn (4.8.2) lib/unicorn/http_server.rb:521:in `spawn_missing_workers'
  unicorn (4.8.2) lib/unicorn/http_server.rb:140:in `start'
  unicorn (4.8.2) bin/unicorn:126:in `<top (required)>'
  /Users/msdark/.rvm/gems/ruby-2.1.1/bin/unicorn:23:in `load'
  /Users/msdark/.rvm/gems/ruby-2.1.1/bin/unicorn:23:in `<main>'
  /Users/msdark/.rvm/gems/ruby-2.1.1/bin/ruby_executable_hooks:15:in `eval'
  /Users/msdark/.rvm/gems/ruby-2.1.1/bin/ruby_executable_hooks:15:in `<main>'




Started GET "/assets/kine/portada-kine.jpg" for 127.0.0.1 at 2014-05-08 23:20:40 -0400
  Rendered /Users/msdark/.rvm/gems/ruby-2.1.1/gems/actionpack-4.0.3/lib/action_dispatch/middleware/templates/rescues/_trace.erb (1.7ms)
  Rendered /Users/msdark/.rvm/gems/ruby-2.1.1/gems/actionpack-4.0.3/lib/action_dispatch/middleware/templates/routes/_route.html.erb (7.4ms)
  Rendered /Users/msdark/.rvm/gems/ruby-2.1.1/gems/actionpack-4.0.3/lib/action_dispatch/middleware/templates/routes/_route.html.erb (19.3ms)
  Rendered /Users/msdark/.rvm/gems/ruby-2.1.1/gems/actionpack-4.0.3/lib/action_dispatch/middleware/templates/routes/_table.html.erb (1.9ms)
  Rendered /Users/msdark/.rvm/gems/ruby-2.1.1/gems/actionpack-4.0.3/lib/action_dispatch/middleware/templates/rescues/routing_error.erb within rescues/layout (311.0ms)


Started GET "/assets/img_convenio-4.jpg" for 127.0.0.1 at 2014-05-08 23:20:40 -0400


Started GET "/assets/img_convenio-1.jpg" for 127.0.0.1 at 2014-05-08 23:20:40 -0400


Started GET "/assets/img_convenio-2.jpg" for 127.0.0.1 at 2014-05-08 23:20:41 -0400
  Rendered /Users/msdark/.rvm/gems/ruby-2.1.1/gems/actionpack-4.0.3/lib/action_dispatch/middleware/templates/routes/_table.html.erb (374.6ms)
  Rendered /Users/msdark/.rvm/gems/ruby-2.1.1/gems/actionpack-4.0.3/lib/action_dispatch/middleware/templates/rescues/routing_error.erb within rescues/layout (522.2ms)


Started GET "/assets/img_convenio-3.jpg" for 127.0.0.1 at 2014-05-08 23:20:41 -0400


Started GET "/service/kine/" for 127.0.0.1 at 2014-05-08 23:21:15 -0400
Processing by ServiceController#kine as HTML
  Rendered service/_portada.html.erb (0.4ms)
  Rendered service/kine.html.erb within layouts/application (159.6ms)
Completed 200 OK in 170ms (Views: 169.0ms | ActiveRecord: 0.0ms)




Started GET "/assets/tips.css?body=1" for 127.0.0.1 at 2014-05-08 23:21:15 -0400
Started GET "/assets/store.css?body=1" for 127.0.0.1 at 2014-05-08 23:21:15 -0400


Started GET "/assets/service.css?body=1" for 127.0.0.1 at 2014-05-08 23:21:16 -0400


Started GET "/assets/twitter/bootstrap.css?body=1" for 127.0.0.1 at 2014-05-08 23:21:16 -0400


Started GET "/assets/main.css?body=1" for 127.0.0.1 at 2014-05-08 23:21:16 -0400


Started GET "/assets/equipo.css?body=1" for 127.0.0.1 at 2014-05-08 23:21:16 -0400


Started GET "/assets/jquery.js?body=1" for 127.0.0.1 at 2014-05-08 23:21:16 -0400


Started GET "/assets/twitter/bootstrap/carousel.js?body=1" for 127.0.0.1 at 2014-05-08 23:21:16 -0400


Started GET "/assets/turbolinks.js?body=1" for 127.0.0.1 at 2014-05-08 23:21:16 -0400


Started GET "/assets/application.js?body=1" for 127.0.0.1 at 2014-05-08 23:21:16 -0400


Started GET "/assets/jquery.turbolinks.js?body=1" for 127.0.0.1 at 2014-05-08 23:21:16 -0400


Started GET "/assets/jquery_ujs.js?body=1" for 127.0.0.1 at 2014-05-08 23:21:16 -0400


Started GET "/assets/twitter/bootstrap/alert.js?body=1" for 127.0.0.1 at 2014-05-08 23:21:16 -0400


Started GET "/assets/img_logo-header.png" for 127.0.0.1 at 2014-05-08 23:21:16 -0400


Started GET "/assets/kine/evaluacion.jpg" for 127.0.0.1 at 2014-05-08 23:21:16 -0400


Started GET "/assets/kine/rehabilitacion-operados.jpg" for 127.0.0.1 at 2014-05-08 23:21:16 -0400


Started GET "/assets/kine/tobillo.jpg" for 127.0.0.1 at 2014-05-08 23:21:16 -0400


Started GET "/assets/kine/vendajes.jpg" for 127.0.0.1 at 2014-05-08 23:21:16 -0400


Started GET "/images/img_servicio-5.jpg" for 127.0.0.1 at 2014-05-08 23:21:16 -0400




Started GET "/assets/img_convenio-4.jpg" for 127.0.0.1 at 2014-05-08 23:21:16 -0400
Started GET "/assets/kine/reeducacion.jpg" for 127.0.0.1 at 2014-05-08 23:21:16 -0400

ActionController::RoutingError (No route matches [GET] "/images/img_servicio-5.jpg"):
  actionpack (4.0.3) lib/action_dispatch/middleware/debug_exceptions.rb:21:in `call'
  actionpack (4.0.3) lib/action_dispatch/middleware/show_exceptions.rb:30:in `call'
  railties (4.0.3) lib/rails/rack/logger.rb:38:in `call_app'
  railties (4.0.3) lib/rails/rack/logger.rb:20:in `block in call'
  activesupport (4.0.3) lib/active_support/tagged_logging.rb:67:in `block in tagged'
  activesupport (4.0.3) lib/active_support/tagged_logging.rb:25:in `tagged'
  activesupport (4.0.3) lib/active_support/tagged_logging.rb:67:in `tagged'
  railties (4.0.3) lib/rails/rack/logger.rb:20:in `call'
  actionpack (4.0.3) lib/action_dispatch/middleware/request_id.rb:21:in `call'
  rack (1.5.2) lib/rack/methodoverride.rb:21:in `call'
  rack (1.5.2) lib/rack/runtime.rb:17:in `call'
  activesupport (4.0.3) lib/active_support/cache/strategy/local_cache.rb:83:in `call'
  rack (1.5.2) lib/rack/lock.rb:17:in `call'
  rack-livereload (0.3.15) lib/rack/livereload.rb:23:in `_call'
  rack-livereload (0.3.15) lib/rack/livereload.rb:14:in `call'
  actionpack (4.0.3) lib/action_dispatch/middleware/static.rb:64:in `call'
  rack (1.5.2) lib/rack/sendfile.rb:112:in `call'
  railties (4.0.3) lib/rails/engine.rb:511:in `call'
  railties (4.0.3) lib/rails/application.rb:97:in `call'
  rack (1.5.2) lib/rack/lint.rb:49:in `_call'
  rack (1.5.2) lib/rack/lint.rb:37:in `call'
  rack (1.5.2) lib/rack/showexceptions.rb:24:in `call'
  rack (1.5.2) lib/rack/commonlogger.rb:33:in `call'
  rack (1.5.2) lib/rack/chunked.rb:43:in `call'
  rack (1.5.2) lib/rack/content_length.rb:14:in `call'
  unicorn (4.8.2) lib/unicorn/http_server.rb:572:in `process_client'
  unicorn (4.8.2) lib/unicorn/http_server.rb:666:in `worker_loop'
  unicorn (4.8.2) lib/unicorn/http_server.rb:521:in `spawn_missing_workers'
  unicorn (4.8.2) lib/unicorn/http_server.rb:140:in `start'
  unicorn (4.8.2) bin/unicorn:126:in `<top (required)>'
  /Users/msdark/.rvm/gems/ruby-2.1.1/bin/unicorn:23:in `load'
  /Users/msdark/.rvm/gems/ruby-2.1.1/bin/unicorn:23:in `<main>'
  /Users/msdark/.rvm/gems/ruby-2.1.1/bin/ruby_executable_hooks:15:in `eval'
  /Users/msdark/.rvm/gems/ruby-2.1.1/bin/ruby_executable_hooks:15:in `<main>'




Started GET "/assets/img_convenio-1.jpg" for 127.0.0.1 at 2014-05-08 23:21:16 -0400


Started GET "/assets/img_convenio-2.jpg" for 127.0.0.1 at 2014-05-08 23:21:16 -0400


Started GET "/assets/img_convenio-3.jpg" for 127.0.0.1 at 2014-05-08 23:21:16 -0400


Started GET "/assets/btn_home.png" for 127.0.0.1 at 2014-05-08 23:21:16 -0400
  Rendered /Users/msdark/.rvm/gems/ruby-2.1.1/gems/actionpack-4.0.3/lib/action_dispatch/middleware/templates/rescues/_trace.erb (1.5ms)


Started GET "/assets/loading.gif" for 127.0.0.1 at 2014-05-08 23:21:16 -0400


Started GET "/assets/img_logo-footer.png" for 127.0.0.1 at 2014-05-08 23:21:16 -0400


Started GET "/assets/img_logomunki-footer.png" for 127.0.0.1 at 2014-05-08 23:21:16 -0400


Started GET "/assets/btn_fb_normal.png" for 127.0.0.1 at 2014-05-08 23:21:17 -0400
  Rendered /Users/msdark/.rvm/gems/ruby-2.1.1/gems/actionpack-4.0.3/lib/action_dispatch/middleware/templates/routes/_route.html.erb (10.6ms)
  Rendered /Users/msdark/.rvm/gems/ruby-2.1.1/gems/actionpack-4.0.3/lib/action_dispatch/middleware/templates/routes/_table.html.erb (1.6ms)
  Rendered /Users/msdark/.rvm/gems/ruby-2.1.1/gems/actionpack-4.0.3/lib/action_dispatch/middleware/templates/rescues/routing_error.erb within rescues/layout (232.2ms)


Started GET "/assets/kine/portada-kine.jpg" for 127.0.0.1 at 2014-05-08 23:21:17 -0400


Started GET "/service/fisico" for 127.0.0.1 at 2014-05-08 23:21:21 -0400
Processing by ServiceController#fisico as HTML
  Rendered service/_portada.html.erb (0.2ms)
  Rendered service/fisico.html.erb within layouts/application (320.8ms)
Completed 200 OK in 363ms (Views: 358.9ms | ActiveRecord: 0.0ms)


Started GET "/assets/img_logo-header.png" for 127.0.0.1 at 2014-05-08 23:21:21 -0400


Started GET "/assets/fisico/entrenamiento.jpg" for 127.0.0.1 at 2014-05-08 23:21:21 -0400


Started GET "/assets/fisico/evaluacion.JPG" for 127.0.0.1 at 2014-05-08 23:21:21 -0400


Started GET "/assets/fisico/riesgoscardio.jpg" for 127.0.0.1 at 2014-05-08 23:21:21 -0400


Started GET "/images/img_servicio-2.jpg" for 127.0.0.1 at 2014-05-08 23:21:21 -0400


Started GET "/assets/btn_home.png" for 127.0.0.1 at 2014-05-08 23:21:21 -0400


Started GET "/assets/fisico/portada-fisica.jpg" for 127.0.0.1 at 2014-05-08 23:21:22 -0400

ActionController::RoutingError (No route matches [GET] "/images/img_servicio-2.jpg"):
  actionpack (4.0.3) lib/action_dispatch/middleware/debug_exceptions.rb:21:in `call'
  actionpack (4.0.3) lib/action_dispatch/middleware/show_exceptions.rb:30:in `call'
  railties (4.0.3) lib/rails/rack/logger.rb:38:in `call_app'
  railties (4.0.3) lib/rails/rack/logger.rb:20:in `block in call'
  activesupport (4.0.3) lib/active_support/tagged_logging.rb:67:in `block in tagged'
  activesupport (4.0.3) lib/active_support/tagged_logging.rb:25:in `tagged'
  activesupport (4.0.3) lib/active_support/tagged_logging.rb:67:in `tagged'
  railties (4.0.3) lib/rails/rack/logger.rb:20:in `call'
  actionpack (4.0.3) lib/action_dispatch/middleware/request_id.rb:21:in `call'
  rack (1.5.2) lib/rack/methodoverride.rb:21:in `call'
  rack (1.5.2) lib/rack/runtime.rb:17:in `call'
  activesupport (4.0.3) lib/active_support/cache/strategy/local_cache.rb:83:in `call'
  rack (1.5.2) lib/rack/lock.rb:17:in `call'
  rack-livereload (0.3.15) lib/rack/livereload.rb:23:in `_call'
  rack-livereload (0.3.15) lib/rack/livereload.rb:14:in `call'
  actionpack (4.0.3) lib/action_dispatch/middleware/static.rb:64:in `call'
  rack (1.5.2) lib/rack/sendfile.rb:112:in `call'
  railties (4.0.3) lib/rails/engine.rb:511:in `call'
  railties (4.0.3) lib/rails/application.rb:97:in `call'
  rack (1.5.2) lib/rack/lint.rb:49:in `_call'
  rack (1.5.2) lib/rack/lint.rb:37:in `call'
  rack (1.5.2) lib/rack/showexceptions.rb:24:in `call'
  rack (1.5.2) lib/rack/commonlogger.rb:33:in `call'
  rack (1.5.2) lib/rack/chunked.rb:43:in `call'
  rack (1.5.2) lib/rack/content_length.rb:14:in `call'
  unicorn (4.8.2) lib/unicorn/http_server.rb:572:in `process_client'
  unicorn (4.8.2) lib/unicorn/http_server.rb:666:in `worker_loop'
  unicorn (4.8.2) lib/unicorn/http_server.rb:521:in `spawn_missing_workers'
  unicorn (4.8.2) lib/unicorn/http_server.rb:140:in `start'
  unicorn (4.8.2) bin/unicorn:126:in `<top (required)>'
  /Users/msdark/.rvm/gems/ruby-2.1.1/bin/unicorn:23:in `load'
  /Users/msdark/.rvm/gems/ruby-2.1.1/bin/unicorn:23:in `<main>'
  /Users/msdark/.rvm/gems/ruby-2.1.1/bin/ruby_executable_hooks:15:in `eval'
  /Users/msdark/.rvm/gems/ruby-2.1.1/bin/ruby_executable_hooks:15:in `<main>'




Started GET "/assets/loading.gif" for 127.0.0.1 at 2014-05-08 23:21:22 -0400
  Rendered /Users/msdark/.rvm/gems/ruby-2.1.1/gems/actionpack-4.0.3/lib/action_dispatch/middleware/templates/rescues/_trace.erb (1.7ms)


Started GET "/assets/img_logo-footer.png" for 127.0.0.1 at 2014-05-08 23:21:22 -0400


Started GET "/assets/img_logomunki-footer.png" for 127.0.0.1 at 2014-05-08 23:21:22 -0400
  Rendered /Users/msdark/.rvm/gems/ruby-2.1.1/gems/actionpack-4.0.3/lib/action_dispatch/middleware/templates/routes/_route.html.erb (19.8ms)
  Rendered /Users/msdark/.rvm/gems/ruby-2.1.1/gems/actionpack-4.0.3/lib/action_dispatch/middleware/templates/routes/_table.html.erb (2.1ms)
  Rendered /Users/msdark/.rvm/gems/ruby-2.1.1/gems/actionpack-4.0.3/lib/action_dispatch/middleware/templates/rescues/routing_error.erb within rescues/layout (160.2ms)


Started GET "/service/masaje/" for 127.0.0.1 at 2014-05-08 23:21:31 -0400
Processing by ServiceController#masaje as HTML
  Rendered service/_portada.html.erb (1.2ms)
  Rendered service/masaje.html.erb within layouts/application (287.4ms)
Completed 200 OK in 356ms (Views: 354.3ms | ActiveRecord: 0.0ms)


Started GET "/assets/masaje/descontracturante.jpg" for 127.0.0.1 at 2014-05-08 23:21:31 -0400


Started GET "/assets/masaje/piedras.jpg" for 127.0.0.1 at 2014-05-08 23:21:31 -0400


Started GET "/assets/img_logo-header.png" for 127.0.0.1 at 2014-05-08 23:21:31 -0400


Started GET "/assets/masaje/relajo.jpg" for 127.0.0.1 at 2014-05-08 23:21:31 -0400


Started GET "/assets/btn_home.png" for 127.0.0.1 at 2014-05-08 23:21:31 -0400


Started GET "/assets/loading.gif" for 127.0.0.1 at 2014-05-08 23:21:31 -0400


Started GET "/masaje/portada-masaje.jpg" for 127.0.0.1 at 2014-05-08 23:21:31 -0400


Started GET "/assets/img_logomunki-footer.png" for 127.0.0.1 at 2014-05-08 23:21:31 -0400


Started GET "/assets/img_logo-footer.png" for 127.0.0.1 at 2014-05-08 23:21:31 -0400

ActionController::RoutingError (No route matches [GET] "/masaje/portada-masaje.jpg"):
  actionpack (4.0.3) lib/action_dispatch/middleware/debug_exceptions.rb:21:in `call'
  actionpack (4.0.3) lib/action_dispatch/middleware/show_exceptions.rb:30:in `call'
  railties (4.0.3) lib/rails/rack/logger.rb:38:in `call_app'
  railties (4.0.3) lib/rails/rack/logger.rb:20:in `block in call'
  activesupport (4.0.3) lib/active_support/tagged_logging.rb:67:in `block in tagged'
  activesupport (4.0.3) lib/active_support/tagged_logging.rb:25:in `tagged'
  activesupport (4.0.3) lib/active_support/tagged_logging.rb:67:in `tagged'
  railties (4.0.3) lib/rails/rack/logger.rb:20:in `call'
  actionpack (4.0.3) lib/action_dispatch/middleware/request_id.rb:21:in `call'
  rack (1.5.2) lib/rack/methodoverride.rb:21:in `call'
  rack (1.5.2) lib/rack/runtime.rb:17:in `call'
  activesupport (4.0.3) lib/active_support/cache/strategy/local_cache.rb:83:in `call'
  rack (1.5.2) lib/rack/lock.rb:17:in `call'
  rack-livereload (0.3.15) lib/rack/livereload.rb:23:in `_call'
  rack-livereload (0.3.15) lib/rack/livereload.rb:14:in `call'
  actionpack (4.0.3) lib/action_dispatch/middleware/static.rb:64:in `call'
  rack (1.5.2) lib/rack/sendfile.rb:112:in `call'
  railties (4.0.3) lib/rails/engine.rb:511:in `call'
  railties (4.0.3) lib/rails/application.rb:97:in `call'
  rack (1.5.2) lib/rack/lint.rb:49:in `_call'
  rack (1.5.2) lib/rack/lint.rb:37:in `call'
  rack (1.5.2) lib/rack/showexceptions.rb:24:in `call'
  rack (1.5.2) lib/rack/commonlogger.rb:33:in `call'
  rack (1.5.2) lib/rack/chunked.rb:43:in `call'
  rack (1.5.2) lib/rack/content_length.rb:14:in `call'
  unicorn (4.8.2) lib/unicorn/http_server.rb:572:in `process_client'
  unicorn (4.8.2) lib/unicorn/http_server.rb:666:in `worker_loop'
  unicorn (4.8.2) lib/unicorn/http_server.rb:521:in `spawn_missing_workers'
  unicorn (4.8.2) lib/unicorn/http_server.rb:140:in `start'
  unicorn (4.8.2) bin/unicorn:126:in `<top (required)>'
  /Users/msdark/.rvm/gems/ruby-2.1.1/bin/unicorn:23:in `load'
  /Users/msdark/.rvm/gems/ruby-2.1.1/bin/unicorn:23:in `<main>'
  /Users/msdark/.rvm/gems/ruby-2.1.1/bin/ruby_executable_hooks:15:in `eval'
  /Users/msdark/.rvm/gems/ruby-2.1.1/bin/ruby_executable_hooks:15:in `<main>'


  Rendered /Users/msdark/.rvm/gems/ruby-2.1.1/gems/actionpack-4.0.3/lib/action_dispatch/middleware/templates/rescues/_trace.erb (1.5ms)
  Rendered /Users/msdark/.rvm/gems/ruby-2.1.1/gems/actionpack-4.0.3/lib/action_dispatch/middleware/templates/routes/_route.html.erb (8.5ms)
  Rendered /Users/msdark/.rvm/gems/ruby-2.1.1/gems/actionpack-4.0.3/lib/action_dispatch/middleware/templates/routes/_table.html.erb (1.8ms)
  Rendered /Users/msdark/.rvm/gems/ruby-2.1.1/gems/actionpack-4.0.3/lib/action_dispatch/middleware/templates/rescues/routing_error.erb within rescues/layout (104.7ms)


Started GET "/masaje/portada-masaje.jpg" for 127.0.0.1 at 2014-05-08 23:22:39 -0400

ActionController::RoutingError (No route matches [GET] "/masaje/portada-masaje.jpg"):
  actionpack (4.0.3) lib/action_dispatch/middleware/debug_exceptions.rb:21:in `call'
  actionpack (4.0.3) lib/action_dispatch/middleware/show_exceptions.rb:30:in `call'
  railties (4.0.3) lib/rails/rack/logger.rb:38:in `call_app'
  railties (4.0.3) lib/rails/rack/logger.rb:20:in `block in call'
  activesupport (4.0.3) lib/active_support/tagged_logging.rb:67:in `block in tagged'
  activesupport (4.0.3) lib/active_support/tagged_logging.rb:25:in `tagged'
  activesupport (4.0.3) lib/active_support/tagged_logging.rb:67:in `tagged'
  railties (4.0.3) lib/rails/rack/logger.rb:20:in `call'
  actionpack (4.0.3) lib/action_dispatch/middleware/request_id.rb:21:in `call'
  rack (1.5.2) lib/rack/methodoverride.rb:21:in `call'
  rack (1.5.2) lib/rack/runtime.rb:17:in `call'
  activesupport (4.0.3) lib/active_support/cache/strategy/local_cache.rb:83:in `call'
  rack (1.5.2) lib/rack/lock.rb:17:in `call'
  rack-livereload (0.3.15) lib/rack/livereload.rb:23:in `_call'
  rack-livereload (0.3.15) lib/rack/livereload.rb:14:in `call'
  actionpack (4.0.3) lib/action_dispatch/middleware/static.rb:64:in `call'
  rack (1.5.2) lib/rack/sendfile.rb:112:in `call'
  railties (4.0.3) lib/rails/engine.rb:511:in `call'
  railties (4.0.3) lib/rails/application.rb:97:in `call'
  rack (1.5.2) lib/rack/lint.rb:49:in `_call'
  rack (1.5.2) lib/rack/lint.rb:37:in `call'
  rack (1.5.2) lib/rack/showexceptions.rb:24:in `call'
  rack (1.5.2) lib/rack/commonlogger.rb:33:in `call'
  rack (1.5.2) lib/rack/chunked.rb:43:in `call'
  rack (1.5.2) lib/rack/content_length.rb:14:in `call'
  unicorn (4.8.2) lib/unicorn/http_server.rb:572:in `process_client'
  unicorn (4.8.2) lib/unicorn/http_server.rb:666:in `worker_loop'
  unicorn (4.8.2) lib/unicorn/http_server.rb:521:in `spawn_missing_workers'
  unicorn (4.8.2) lib/unicorn/http_server.rb:140:in `start'
  unicorn (4.8.2) bin/unicorn:126:in `<top (required)>'
  /Users/msdark/.rvm/gems/ruby-2.1.1/bin/unicorn:23:in `load'
  /Users/msdark/.rvm/gems/ruby-2.1.1/bin/unicorn:23:in `<main>'
  /Users/msdark/.rvm/gems/ruby-2.1.1/bin/ruby_executable_hooks:15:in `eval'
  /Users/msdark/.rvm/gems/ruby-2.1.1/bin/ruby_executable_hooks:15:in `<main>'


  Rendered /Users/msdark/.rvm/gems/ruby-2.1.1/gems/actionpack-4.0.3/lib/action_dispatch/middleware/templates/rescues/_trace.erb (1.8ms)
  Rendered /Users/msdark/.rvm/gems/ruby-2.1.1/gems/actionpack-4.0.3/lib/action_dispatch/middleware/templates/routes/_route.html.erb (7.4ms)
  Rendered /Users/msdark/.rvm/gems/ruby-2.1.1/gems/actionpack-4.0.3/lib/action_dispatch/middleware/templates/routes/_table.html.erb (1.6ms)
  Rendered /Users/msdark/.rvm/gems/ruby-2.1.1/gems/actionpack-4.0.3/lib/action_dispatch/middleware/templates/rescues/routing_error.erb within rescues/layout (93.9ms)


Started GET "/assets/masaje/portada-masaje.jpg" for 127.0.0.1 at 2014-05-08 23:22:49 -0400


Started GET "/assets/img_logo-header.png" for 127.0.0.1 at 2014-05-08 23:22:53 -0400


Started GET "/assets/btn_home.png" for 127.0.0.1 at 2014-05-08 23:22:53 -0400


Started GET "/assets/loading.gif" for 127.0.0.1 at 2014-05-08 23:22:53 -0400


Started GET "/assets/img_logo-footer.png" for 127.0.0.1 at 2014-05-08 23:22:53 -0400


Started GET "/assets/img_logomunki-footer.png" for 127.0.0.1 at 2014-05-08 23:22:53 -0400


Started GET "/service/kine/" for 127.0.0.1 at 2014-05-08 23:23:09 -0400
Processing by ServiceController#kine as HTML
  Rendered service/_portada.html.erb (0.1ms)
  Rendered service/kine.html.erb within layouts/application (74.4ms)
Completed 200 OK in 120ms (Views: 119.3ms | ActiveRecord: 0.0ms)


Started GET "/assets/img_logo-header.png" for 127.0.0.1 at 2014-05-08 23:23:09 -0400


Started GET "/assets/kine/rehabilitacion-operados.jpg" for 127.0.0.1 at 2014-05-08 23:23:09 -0400


Started GET "/assets/kine/tobillo.jpg" for 127.0.0.1 at 2014-05-08 23:23:09 -0400


Started GET "/assets/kine/vendajes.jpg" for 127.0.0.1 at 2014-05-08 23:23:09 -0400


Started GET "/images/img_servicio-5.jpg" for 127.0.0.1 at 2014-05-08 23:23:09 -0400


Started GET "/assets/kine/reeducacion.jpg" for 127.0.0.1 at 2014-05-08 23:23:09 -0400


Started GET "/assets/img_convenio-4.jpg" for 127.0.0.1 at 2014-05-08 23:23:09 -0400

ActionController::RoutingError (No route matches [GET] "/images/img_servicio-5.jpg"):
  actionpack (4.0.3) lib/action_dispatch/middleware/debug_exceptions.rb:21:in `call'
  actionpack (4.0.3) lib/action_dispatch/middleware/show_exceptions.rb:30:in `call'
  railties (4.0.3) lib/rails/rack/logger.rb:38:in `call_app'
  railties (4.0.3) lib/rails/rack/logger.rb:20:in `block in call'
  activesupport (4.0.3) lib/active_support/tagged_logging.rb:67:in `block in tagged'
  activesupport (4.0.3) lib/active_support/tagged_logging.rb:25:in `tagged'
  activesupport (4.0.3) lib/active_support/tagged_logging.rb:67:in `tagged'
  railties (4.0.3) lib/rails/rack/logger.rb:20:in `call'
  actionpack (4.0.3) lib/action_dispatch/middleware/request_id.rb:21:in `call'
  rack (1.5.2) lib/rack/methodoverride.rb:21:in `call'
  rack (1.5.2) lib/rack/runtime.rb:17:in `call'
  activesupport (4.0.3) lib/active_support/cache/strategy/local_cache.rb:83:in `call'
  rack (1.5.2) lib/rack/lock.rb:17:in `call'
  rack-livereload (0.3.15) lib/rack/livereload.rb:23:in `_call'
  rack-livereload (0.3.15) lib/rack/livereload.rb:14:in `call'
  actionpack (4.0.3) lib/action_dispatch/middleware/static.rb:64:in `call'
  rack (1.5.2) lib/rack/sendfile.rb:112:in `call'
  railties (4.0.3) lib/rails/engine.rb:511:in `call'
  railties (4.0.3) lib/rails/application.rb:97:in `call'
  rack (1.5.2) lib/rack/lint.rb:49:in `_call'
  rack (1.5.2) lib/rack/lint.rb:37:in `call'
  rack (1.5.2) lib/rack/showexceptions.rb:24:in `call'
  rack (1.5.2) lib/rack/commonlogger.rb:33:in `call'
  rack (1.5.2) lib/rack/chunked.rb:43:in `call'
  rack (1.5.2) lib/rack/content_length.rb:14:in `call'
  unicorn (4.8.2) lib/unicorn/http_server.rb:572:in `process_client'
  unicorn (4.8.2) lib/unicorn/http_server.rb:666:in `worker_loop'
  unicorn (4.8.2) lib/unicorn/http_server.rb:521:in `spawn_missing_workers'
  unicorn (4.8.2) lib/unicorn/http_server.rb:140:in `start'
  unicorn (4.8.2) bin/unicorn:126:in `<top (required)>'
  /Users/msdark/.rvm/gems/ruby-2.1.1/bin/unicorn:23:in `load'
  /Users/msdark/.rvm/gems/ruby-2.1.1/bin/unicorn:23:in `<main>'
  /Users/msdark/.rvm/gems/ruby-2.1.1/bin/ruby_executable_hooks:15:in `eval'
  /Users/msdark/.rvm/gems/ruby-2.1.1/bin/ruby_executable_hooks:15:in `<main>'




Started GET "/assets/img_convenio-1.jpg" for 127.0.0.1 at 2014-05-08 23:23:09 -0400
  Rendered /Users/msdark/.rvm/gems/ruby-2.1.1/gems/actionpack-4.0.3/lib/action_dispatch/middleware/templates/rescues/_trace.erb (2.2ms)


Started GET "/assets/img_convenio-2.jpg" for 127.0.0.1 at 2014-05-08 23:23:09 -0400


Started GET "/assets/img_convenio-3.jpg" for 127.0.0.1 at 2014-05-08 23:23:09 -0400


Started GET "/assets/btn_home.png" for 127.0.0.1 at 2014-05-08 23:23:09 -0400
  Rendered /Users/msdark/.rvm/gems/ruby-2.1.1/gems/actionpack-4.0.3/lib/action_dispatch/middleware/templates/routes/_route.html.erb (7.8ms)


Started GET "/assets/loading.gif" for 127.0.0.1 at 2014-05-08 23:23:09 -0400
  Rendered /Users/msdark/.rvm/gems/ruby-2.1.1/gems/actionpack-4.0.3/lib/action_dispatch/middleware/templates/routes/_table.html.erb (1.5ms)
  Rendered /Users/msdark/.rvm/gems/ruby-2.1.1/gems/actionpack-4.0.3/lib/action_dispatch/middleware/templates/rescues/routing_error.erb within rescues/layout (186.4ms)


Started GET "/assets/img_logo-footer.png" for 127.0.0.1 at 2014-05-08 23:23:09 -0400


Started GET "/assets/img_logomunki-footer.png" for 127.0.0.1 at 2014-05-08 23:23:09 -0400


Started GET "/service/masaje/" for 127.0.0.1 at 2014-05-08 23:26:26 -0400
  [1m[36mActiveRecord::SchemaMigration Load (70.9ms)[0m  [1mSELECT `schema_migrations`.* FROM `schema_migrations`[0m
Processing by ServiceController#masaje as HTML
  Rendered service/_portada.html.erb (0.9ms)
  Rendered service/masaje.html.erb within layouts/application (55.2ms)
Completed 200 OK in 608ms (Views: 564.5ms | ActiveRecord: 0.0ms)


Started GET "/assets/btn_home.png" for 127.0.0.1 at 2014-05-08 23:26:28 -0400


Started GET "/assets/img_logo-header.png" for 127.0.0.1 at 2014-05-08 23:26:28 -0400


Started GET "/assets/loading.gif" for 127.0.0.1 at 2014-05-08 23:26:28 -0400
  [1m[36mActiveRecord::SchemaMigration Load (4.9ms)[0m  [1mSELECT `schema_migrations`.* FROM `schema_migrations`[0m
  [1m[36mActiveRecord::SchemaMigration Load (0.6ms)[0m  [1mSELECT `schema_migrations`.* FROM `schema_migrations`[0m


Started GET "/assets/img_logo-footer.png" for 127.0.0.1 at 2014-05-08 23:26:28 -0400


Started GET "/assets/img_logomunki-footer.png" for 127.0.0.1 at 2014-05-08 23:26:28 -0400


Started GET "/service/masaje/" for 127.0.0.1 at 2014-05-08 23:26:40 -0400
Processing by ServiceController#masaje as HTML
  Rendered service/_portada.html.erb (1.1ms)
  Rendered service/masaje.html.erb within layouts/application (115.2ms)
Completed 200 OK in 831ms (Views: 789.8ms | ActiveRecord: 0.0ms)


Started GET "/assets/equipo.css?body=1" for 127.0.0.1 at 2014-05-08 23:26:41 -0400


Started GET "/assets/service.css?body=1" for 127.0.0.1 at 2014-05-08 23:26:41 -0400


Started GET "/assets/store.css?body=1" for 127.0.0.1 at 2014-05-08 23:26:42 -0400


Started GET "/assets/tips.css?body=1" for 127.0.0.1 at 2014-05-08 23:26:42 -0400


Started GET "/assets/main.css?body=1" for 127.0.0.1 at 2014-05-08 23:26:42 -0400


Started GET "/assets/twitter/bootstrap.css?body=1" for 127.0.0.1 at 2014-05-08 23:26:42 -0400


Started GET "/assets/jquery.js?body=1" for 127.0.0.1 at 2014-05-08 23:26:42 -0400


Started GET "/assets/twitter/bootstrap/carousel.js?body=1" for 127.0.0.1 at 2014-05-08 23:26:42 -0400


Started GET "/assets/turbolinks.js?body=1" for 127.0.0.1 at 2014-05-08 23:26:42 -0400


Started GET "/assets/application.js?body=1" for 127.0.0.1 at 2014-05-08 23:26:42 -0400


Started GET "/assets/jquery_ujs.js?body=1" for 127.0.0.1 at 2014-05-08 23:26:42 -0400


Started GET "/assets/jquery.turbolinks.js?body=1" for 127.0.0.1 at 2014-05-08 23:26:42 -0400


Started GET "/assets/img_logo-header.png" for 127.0.0.1 at 2014-05-08 23:26:42 -0400


Started GET "/assets/twitter/bootstrap/alert.js?body=1" for 127.0.0.1 at 2014-05-08 23:26:42 -0400


Started GET "/assets/masaje/descontracturante.jpg" for 127.0.0.1 at 2014-05-08 23:26:42 -0400


Started GET "/assets/masaje/piedras.jpg" for 127.0.0.1 at 2014-05-08 23:26:42 -0400


Started GET "/assets/masaje/relajo.jpg" for 127.0.0.1 at 2014-05-08 23:26:42 -0400


Started GET "/assets/btn_home.png" for 127.0.0.1 at 2014-05-08 23:26:42 -0400


Started GET "/assets/loading.gif" for 127.0.0.1 at 2014-05-08 23:26:42 -0400


Started GET "/assets/img_logo-footer.png" for 127.0.0.1 at 2014-05-08 23:26:43 -0400


Started GET "/assets/img_logomunki-footer.png" for 127.0.0.1 at 2014-05-08 23:26:43 -0400


Started GET "/service/fisico/" for 127.0.0.1 at 2014-05-08 23:27:23 -0400
Processing by ServiceController#fisico as HTML
  Rendered service/_portada.html.erb (0.1ms)
  Rendered service/fisico.html.erb within layouts/application (456.6ms)
Completed 200 OK in 587ms (Views: 586.3ms | ActiveRecord: 0.0ms)


Started GET "/assets/img_logo-header.png" for 127.0.0.1 at 2014-05-08 23:27:25 -0400


Started GET "/assets/btn_home.png" for 127.0.0.1 at 2014-05-08 23:27:25 -0400


Started GET "/assets/img_logo-footer.png" for 127.0.0.1 at 2014-05-08 23:27:25 -0400


Started GET "/images/img_servicio-2.jpg" for 127.0.0.1 at 2014-05-08 23:27:26 -0400


Started GET "/assets/loading.gif" for 127.0.0.1 at 2014-05-08 23:27:26 -0400


Started GET "/assets/img_logomunki-footer.png" for 127.0.0.1 at 2014-05-08 23:27:26 -0400

ActionController::RoutingError (No route matches [GET] "/images/img_servicio-2.jpg"):
  actionpack (4.0.3) lib/action_dispatch/middleware/debug_exceptions.rb:21:in `call'
  actionpack (4.0.3) lib/action_dispatch/middleware/show_exceptions.rb:30:in `call'
  railties (4.0.3) lib/rails/rack/logger.rb:38:in `call_app'
  railties (4.0.3) lib/rails/rack/logger.rb:20:in `block in call'
  activesupport (4.0.3) lib/active_support/tagged_logging.rb:67:in `block in tagged'
  activesupport (4.0.3) lib/active_support/tagged_logging.rb:25:in `tagged'
  activesupport (4.0.3) lib/active_support/tagged_logging.rb:67:in `tagged'
  railties (4.0.3) lib/rails/rack/logger.rb:20:in `call'
  actionpack (4.0.3) lib/action_dispatch/middleware/request_id.rb:21:in `call'
  rack (1.5.2) lib/rack/methodoverride.rb:21:in `call'
  rack (1.5.2) lib/rack/runtime.rb:17:in `call'
  activesupport (4.0.3) lib/active_support/cache/strategy/local_cache.rb:83:in `call'
  rack (1.5.2) lib/rack/lock.rb:17:in `call'
  rack-livereload (0.3.15) lib/rack/livereload.rb:23:in `_call'
  rack-livereload (0.3.15) lib/rack/livereload.rb:14:in `call'
  actionpack (4.0.3) lib/action_dispatch/middleware/static.rb:64:in `call'
  rack (1.5.2) lib/rack/sendfile.rb:112:in `call'
  railties (4.0.3) lib/rails/engine.rb:511:in `call'
  railties (4.0.3) lib/rails/application.rb:97:in `call'
  rack (1.5.2) lib/rack/lint.rb:49:in `_call'
  rack (1.5.2) lib/rack/lint.rb:37:in `call'
  rack (1.5.2) lib/rack/showexceptions.rb:24:in `call'
  rack (1.5.2) lib/rack/commonlogger.rb:33:in `call'
  rack (1.5.2) lib/rack/chunked.rb:43:in `call'
  rack (1.5.2) lib/rack/content_length.rb:14:in `call'
  unicorn (4.8.2) lib/unicorn/http_server.rb:572:in `process_client'
  unicorn (4.8.2) lib/unicorn/http_server.rb:666:in `worker_loop'
  unicorn (4.8.2) lib/unicorn/http_server.rb:521:in `spawn_missing_workers'
  unicorn (4.8.2) lib/unicorn/http_server.rb:140:in `start'
  unicorn (4.8.2) bin/unicorn:126:in `<top (required)>'
  /Users/msdark/.rvm/gems/ruby-2.1.1/bin/unicorn:23:in `load'
  /Users/msdark/.rvm/gems/ruby-2.1.1/bin/unicorn:23:in `<main>'
  /Users/msdark/.rvm/gems/ruby-2.1.1/bin/ruby_executable_hooks:15:in `eval'
  /Users/msdark/.rvm/gems/ruby-2.1.1/bin/ruby_executable_hooks:15:in `<main>'


  Rendered /Users/msdark/.rvm/gems/ruby-2.1.1/gems/actionpack-4.0.3/lib/action_dispatch/middleware/templates/rescues/_trace.erb (4.9ms)
  Rendered /Users/msdark/.rvm/gems/ruby-2.1.1/gems/actionpack-4.0.3/lib/action_dispatch/middleware/templates/routes/_route.html.erb (9.4ms)
  Rendered /Users/msdark/.rvm/gems/ruby-2.1.1/gems/actionpack-4.0.3/lib/action_dispatch/middleware/templates/routes/_table.html.erb (256.1ms)
  Rendered /Users/msdark/.rvm/gems/ruby-2.1.1/gems/actionpack-4.0.3/lib/action_dispatch/middleware/templates/rescues/routing_error.erb within rescues/layout (4705.4ms)


Started GET "/service/fisico/" for 127.0.0.1 at 2014-05-08 23:28:56 -0400
Processing by ServiceController#fisico as HTML
  Rendered service/_portada.html.erb (0.1ms)
  Rendered service/fisico.html.erb within layouts/application (158.7ms)
Completed 200 OK in 237ms (Views: 235.8ms | ActiveRecord: 0.0ms)


Started GET "/assets/equipo.css?body=1" for 127.0.0.1 at 2014-05-08 23:29:01 -0400


Started GET "/assets/store.css?body=1" for 127.0.0.1 at 2014-05-08 23:29:01 -0400


Started GET "/assets/service.css?body=1" for 127.0.0.1 at 2014-05-08 23:29:01 -0400


Started GET "/assets/tips.css?body=1" for 127.0.0.1 at 2014-05-08 23:29:01 -0400


Started GET "/assets/twitter/bootstrap.css?body=1" for 127.0.0.1 at 2014-05-08 23:29:01 -0400


Started GET "/assets/main.css?body=1" for 127.0.0.1 at 2014-05-08 23:29:01 -0400


Started GET "/assets/jquery.js?body=1" for 127.0.0.1 at 2014-05-08 23:29:01 -0400


Started GET "/assets/jquery.turbolinks.js?body=1" for 127.0.0.1 at 2014-05-08 23:29:01 -0400




Started GET "/assets/jquery_ujs.js?body=1" for 127.0.0.1 at 2014-05-08 23:29:01 -0400
Started GET "/assets/twitter/bootstrap/carousel.js?body=1" for 127.0.0.1 at 2014-05-08 23:29:01 -0400




Started GET "/assets/turbolinks.js?body=1" for 127.0.0.1 at 2014-05-08 23:29:01 -0400
Started GET "/assets/twitter/bootstrap/alert.js?body=1" for 127.0.0.1 at 2014-05-08 23:29:01 -0400


Started GET "/assets/application.js?body=1" for 127.0.0.1 at 2014-05-08 23:29:02 -0400


Started GET "/assets/img_logo-header.png" for 127.0.0.1 at 2014-05-08 23:29:02 -0400


Started GET "/assets/fisico/entrenamiento.jpg" for 127.0.0.1 at 2014-05-08 23:29:02 -0400


Started GET "/assets/fisico/evaluacion.JPG" for 127.0.0.1 at 2014-05-08 23:29:02 -0400


Started GET "/assets/fisico/riesgoscardio.jpg" for 127.0.0.1 at 2014-05-08 23:29:02 -0400


Started GET "/images/img_servicio-2.jpg" for 127.0.0.1 at 2014-05-08 23:29:02 -0400


Started GET "/assets/btn_home.png" for 127.0.0.1 at 2014-05-08 23:29:02 -0400

ActionController::RoutingError (No route matches [GET] "/images/img_servicio-2.jpg"):
  actionpack (4.0.3) lib/action_dispatch/middleware/debug_exceptions.rb:21:in `call'
  actionpack (4.0.3) lib/action_dispatch/middleware/show_exceptions.rb:30:in `call'
  railties (4.0.3) lib/rails/rack/logger.rb:38:in `call_app'
  railties (4.0.3) lib/rails/rack/logger.rb:20:in `block in call'
  activesupport (4.0.3) lib/active_support/tagged_logging.rb:67:in `block in tagged'
  activesupport (4.0.3) lib/active_support/tagged_logging.rb:25:in `tagged'
  activesupport (4.0.3) lib/active_support/tagged_logging.rb:67:in `tagged'
  railties (4.0.3) lib/rails/rack/logger.rb:20:in `call'
  actionpack (4.0.3) lib/action_dispatch/middleware/request_id.rb:21:in `call'
  rack (1.5.2) lib/rack/methodoverride.rb:21:in `call'
  rack (1.5.2) lib/rack/runtime.rb:17:in `call'
  activesupport (4.0.3) lib/active_support/cache/strategy/local_cache.rb:83:in `call'
  rack (1.5.2) lib/rack/lock.rb:17:in `call'
  rack-livereload (0.3.15) lib/rack/livereload.rb:23:in `_call'
  rack-livereload (0.3.15) lib/rack/livereload.rb:14:in `call'
  actionpack (4.0.3) lib/action_dispatch/middleware/static.rb:64:in `call'
  rack (1.5.2) lib/rack/sendfile.rb:112:in `call'
  railties (4.0.3) lib/rails/engine.rb:511:in `call'
  railties (4.0.3) lib/rails/application.rb:97:in `call'
  rack (1.5.2) lib/rack/lint.rb:49:in `_call'
  rack (1.5.2) lib/rack/lint.rb:37:in `call'
  rack (1.5.2) lib/rack/showexceptions.rb:24:in `call'
  rack (1.5.2) lib/rack/commonlogger.rb:33:in `call'
  rack (1.5.2) lib/rack/chunked.rb:43:in `call'
  rack (1.5.2) lib/rack/content_length.rb:14:in `call'
  unicorn (4.8.2) lib/unicorn/http_server.rb:572:in `process_client'
  unicorn (4.8.2) lib/unicorn/http_server.rb:666:in `worker_loop'
  unicorn (4.8.2) lib/unicorn/http_server.rb:521:in `spawn_missing_workers'
  unicorn (4.8.2) lib/unicorn/http_server.rb:140:in `start'
  unicorn (4.8.2) bin/unicorn:126:in `<top (required)>'
  /Users/msdark/.rvm/gems/ruby-2.1.1/bin/unicorn:23:in `load'
  /Users/msdark/.rvm/gems/ruby-2.1.1/bin/unicorn:23:in `<main>'
  /Users/msdark/.rvm/gems/ruby-2.1.1/bin/ruby_executable_hooks:15:in `eval'
  /Users/msdark/.rvm/gems/ruby-2.1.1/bin/ruby_executable_hooks:15:in `<main>'




Started GET "/assets/loading.gif" for 127.0.0.1 at 2014-05-08 23:29:03 -0400


Started GET "/assets/img_logo-footer.png" for 127.0.0.1 at 2014-05-08 23:29:03 -0400
  Rendered /Users/msdark/.rvm/gems/ruby-2.1.1/gems/actionpack-4.0.3/lib/action_dispatch/middleware/templates/rescues/_trace.erb (2.7ms)


Started GET "/assets/img_logomunki-footer.png" for 127.0.0.1 at 2014-05-08 23:29:03 -0400


Started GET "/assets/btn_fb_normal.png" for 127.0.0.1 at 2014-05-08 23:29:03 -0400
  Rendered /Users/msdark/.rvm/gems/ruby-2.1.1/gems/actionpack-4.0.3/lib/action_dispatch/middleware/templates/routes/_route.html.erb (8.6ms)
  Rendered /Users/msdark/.rvm/gems/ruby-2.1.1/gems/actionpack-4.0.3/lib/action_dispatch/middleware/templates/routes/_table.html.erb (280.4ms)
  Rendered /Users/msdark/.rvm/gems/ruby-2.1.1/gems/actionpack-4.0.3/lib/action_dispatch/middleware/templates/rescues/routing_error.erb within rescues/layout (597.8ms)


Started GET "/assets/fisico/portada-fisica.jpg" for 127.0.0.1 at 2014-05-08 23:29:11 -0400


Started GET "/service/masaje/" for 127.0.0.1 at 2014-05-08 23:29:17 -0400
Processing by ServiceController#masaje as HTML
  Rendered service/_portada.html.erb (0.2ms)
  Rendered service/masaje.html.erb within layouts/application (32.6ms)
Completed 200 OK in 111ms (Views: 108.9ms | ActiveRecord: 0.0ms)


Started GET "/assets/masaje/descontracturante.jpg" for 127.0.0.1 at 2014-05-08 23:29:17 -0400


Started GET "/assets/masaje/piedras.jpg" for 127.0.0.1 at 2014-05-08 23:29:17 -0400


Started GET "/assets/masaje/relajo.jpg" for 127.0.0.1 at 2014-05-08 23:29:17 -0400


Started GET "/masaje/portada-masaje.jpg" for 127.0.0.1 at 2014-05-08 23:29:17 -0400

ActionController::RoutingError (No route matches [GET] "/masaje/portada-masaje.jpg"):
  actionpack (4.0.3) lib/action_dispatch/middleware/debug_exceptions.rb:21:in `call'
  actionpack (4.0.3) lib/action_dispatch/middleware/show_exceptions.rb:30:in `call'
  railties (4.0.3) lib/rails/rack/logger.rb:38:in `call_app'
  railties (4.0.3) lib/rails/rack/logger.rb:20:in `block in call'
  activesupport (4.0.3) lib/active_support/tagged_logging.rb:67:in `block in tagged'
  activesupport (4.0.3) lib/active_support/tagged_logging.rb:25:in `tagged'
  activesupport (4.0.3) lib/active_support/tagged_logging.rb:67:in `tagged'
  railties (4.0.3) lib/rails/rack/logger.rb:20:in `call'
  actionpack (4.0.3) lib/action_dispatch/middleware/request_id.rb:21:in `call'
  rack (1.5.2) lib/rack/methodoverride.rb:21:in `call'
  rack (1.5.2) lib/rack/runtime.rb:17:in `call'
  activesupport (4.0.3) lib/active_support/cache/strategy/local_cache.rb:83:in `call'
  rack (1.5.2) lib/rack/lock.rb:17:in `call'
  rack-livereload (0.3.15) lib/rack/livereload.rb:23:in `_call'
  rack-livereload (0.3.15) lib/rack/livereload.rb:14:in `call'
  actionpack (4.0.3) lib/action_dispatch/middleware/static.rb:64:in `call'
  rack (1.5.2) lib/rack/sendfile.rb:112:in `call'
  railties (4.0.3) lib/rails/engine.rb:511:in `call'
  railties (4.0.3) lib/rails/application.rb:97:in `call'
  rack (1.5.2) lib/rack/lint.rb:49:in `_call'
  rack (1.5.2) lib/rack/lint.rb:37:in `call'
  rack (1.5.2) lib/rack/showexceptions.rb:24:in `call'
  rack (1.5.2) lib/rack/commonlogger.rb:33:in `call'
  rack (1.5.2) lib/rack/chunked.rb:43:in `call'
  rack (1.5.2) lib/rack/content_length.rb:14:in `call'
  unicorn (4.8.2) lib/unicorn/http_server.rb:572:in `process_client'
  unicorn (4.8.2) lib/unicorn/http_server.rb:666:in `worker_loop'
  unicorn (4.8.2) lib/unicorn/http_server.rb:521:in `spawn_missing_workers'
  unicorn (4.8.2) lib/unicorn/http_server.rb:140:in `start'
  unicorn (4.8.2) bin/unicorn:126:in `<top (required)>'
  /Users/msdark/.rvm/gems/ruby-2.1.1/bin/unicorn:23:in `load'
  /Users/msdark/.rvm/gems/ruby-2.1.1/bin/unicorn:23:in `<main>'
  /Users/msdark/.rvm/gems/ruby-2.1.1/bin/ruby_executable_hooks:15:in `eval'
  /Users/msdark/.rvm/gems/ruby-2.1.1/bin/ruby_executable_hooks:15:in `<main>'


  Rendered /Users/msdark/.rvm/gems/ruby-2.1.1/gems/actionpack-4.0.3/lib/action_dispatch/middleware/templates/rescues/_trace.erb (2.0ms)
  Rendered /Users/msdark/.rvm/gems/ruby-2.1.1/gems/actionpack-4.0.3/lib/action_dispatch/middleware/templates/routes/_route.html.erb (35.9ms)
  Rendered /Users/msdark/.rvm/gems/ruby-2.1.1/gems/actionpack-4.0.3/lib/action_dispatch/middleware/templates/routes/_table.html.erb (1.9ms)
  Rendered /Users/msdark/.rvm/gems/ruby-2.1.1/gems/actionpack-4.0.3/lib/action_dispatch/middleware/templates/rescues/routing_error.erb within rescues/layout (179.1ms)


Started GET "/service/kine/" for 127.0.0.1 at 2014-05-08 23:29:43 -0400
Processing by ServiceController#kine as HTML
  Rendered service/_portada.html.erb (0.1ms)
  Rendered service/kine.html.erb within layouts/application (461.8ms)
Completed 200 OK in 639ms (Views: 638.0ms | ActiveRecord: 0.0ms)


Started GET "/assets/kine/evaluacion.jpg" for 127.0.0.1 at 2014-05-08 23:29:44 -0400


Started GET "/assets/kine/rehabilitacion-operados.jpg" for 127.0.0.1 at 2014-05-08 23:29:44 -0400


Started GET "/assets/kine/tobillo.jpg" for 127.0.0.1 at 2014-05-08 23:29:44 -0400


Started GET "/assets/kine/vendajes.jpg" for 127.0.0.1 at 2014-05-08 23:29:44 -0400


Started GET "/images/img_servicio-5.jpg" for 127.0.0.1 at 2014-05-08 23:29:44 -0400


Started GET "/assets/kine/reeducacion.jpg" for 127.0.0.1 at 2014-05-08 23:29:44 -0400

ActionController::RoutingError (No route matches [GET] "/images/img_servicio-5.jpg"):
  actionpack (4.0.3) lib/action_dispatch/middleware/debug_exceptions.rb:21:in `call'
  actionpack (4.0.3) lib/action_dispatch/middleware/show_exceptions.rb:30:in `call'
  railties (4.0.3) lib/rails/rack/logger.rb:38:in `call_app'
  railties (4.0.3) lib/rails/rack/logger.rb:20:in `block in call'
  activesupport (4.0.3) lib/active_support/tagged_logging.rb:67:in `block in tagged'
  activesupport (4.0.3) lib/active_support/tagged_logging.rb:25:in `tagged'
  activesupport (4.0.3) lib/active_support/tagged_logging.rb:67:in `tagged'
  railties (4.0.3) lib/rails/rack/logger.rb:20:in `call'
  actionpack (4.0.3) lib/action_dispatch/middleware/request_id.rb:21:in `call'
  rack (1.5.2) lib/rack/methodoverride.rb:21:in `call'
  rack (1.5.2) lib/rack/runtime.rb:17:in `call'
  activesupport (4.0.3) lib/active_support/cache/strategy/local_cache.rb:83:in `call'
  rack (1.5.2) lib/rack/lock.rb:17:in `call'
  rack-livereload (0.3.15) lib/rack/livereload.rb:23:in `_call'
  rack-livereload (0.3.15) lib/rack/livereload.rb:14:in `call'
  actionpack (4.0.3) lib/action_dispatch/middleware/static.rb:64:in `call'
  rack (1.5.2) lib/rack/sendfile.rb:112:in `call'
  railties (4.0.3) lib/rails/engine.rb:511:in `call'
  railties (4.0.3) lib/rails/application.rb:97:in `call'
  rack (1.5.2) lib/rack/lint.rb:49:in `_call'
  rack (1.5.2) lib/rack/lint.rb:37:in `call'
  rack (1.5.2) lib/rack/showexceptions.rb:24:in `call'
  rack (1.5.2) lib/rack/commonlogger.rb:33:in `call'
  rack (1.5.2) lib/rack/chunked.rb:43:in `call'
  rack (1.5.2) lib/rack/content_length.rb:14:in `call'
  unicorn (4.8.2) lib/unicorn/http_server.rb:572:in `process_client'
  unicorn (4.8.2) lib/unicorn/http_server.rb:666:in `worker_loop'
  unicorn (4.8.2) lib/unicorn/http_server.rb:521:in `spawn_missing_workers'
  unicorn (4.8.2) lib/unicorn/http_server.rb:140:in `start'
  unicorn (4.8.2) bin/unicorn:126:in `<top (required)>'
  /Users/msdark/.rvm/gems/ruby-2.1.1/bin/unicorn:23:in `load'
  /Users/msdark/.rvm/gems/ruby-2.1.1/bin/unicorn:23:in `<main>'
  /Users/msdark/.rvm/gems/ruby-2.1.1/bin/ruby_executable_hooks:15:in `eval'
  /Users/msdark/.rvm/gems/ruby-2.1.1/bin/ruby_executable_hooks:15:in `<main>'




Started GET "/assets/kine/portada-kine.jpg" for 127.0.0.1 at 2014-05-08 23:29:45 -0400
  Rendered /Users/msdark/.rvm/gems/ruby-2.1.1/gems/actionpack-4.0.3/lib/action_dispatch/middleware/templates/rescues/_trace.erb (1.8ms)


Started GET "/assets/img_convenio-4.jpg" for 127.0.0.1 at 2014-05-08 23:29:45 -0400
  Rendered /Users/msdark/.rvm/gems/ruby-2.1.1/gems/actionpack-4.0.3/lib/action_dispatch/middleware/templates/routes/_route.html.erb (16.2ms)


Started GET "/assets/img_convenio-1.jpg" for 127.0.0.1 at 2014-05-08 23:29:45 -0400
  Rendered /Users/msdark/.rvm/gems/ruby-2.1.1/gems/actionpack-4.0.3/lib/action_dispatch/middleware/templates/routes/_table.html.erb (1.9ms)
  Rendered /Users/msdark/.rvm/gems/ruby-2.1.1/gems/actionpack-4.0.3/lib/action_dispatch/middleware/templates/rescues/routing_error.erb within rescues/layout (387.7ms)


Started GET "/assets/img_convenio-2.jpg" for 127.0.0.1 at 2014-05-08 23:29:45 -0400


Started GET "/assets/img_convenio-3.jpg" for 127.0.0.1 at 2014-05-08 23:29:45 -0400


Started GET "/service/masaje/" for 127.0.0.1 at 2014-05-08 23:35:04 -0400
  [1m[36mActiveRecord::SchemaMigration Load (44.7ms)[0m  [1mSELECT `schema_migrations`.* FROM `schema_migrations`[0m
Processing by ServiceController#masaje as HTML
  Rendered service/_portada.html.erb (0.9ms)
  Rendered service/masaje.html.erb within layouts/application (63.5ms)
Completed 200 OK in 1538ms (Views: 1472.0ms | ActiveRecord: 0.0ms)


Started GET "/masaje/portada-masaje.jpg" for 127.0.0.1 at 2014-05-08 23:35:16 -0400

ActionController::RoutingError (No route matches [GET] "/masaje/portada-masaje.jpg"):
  actionpack (4.0.3) lib/action_dispatch/middleware/debug_exceptions.rb:21:in `call'
  actionpack (4.0.3) lib/action_dispatch/middleware/show_exceptions.rb:30:in `call'
  railties (4.0.3) lib/rails/rack/logger.rb:38:in `call_app'
  railties (4.0.3) lib/rails/rack/logger.rb:20:in `block in call'
  activesupport (4.0.3) lib/active_support/tagged_logging.rb:67:in `block in tagged'
  activesupport (4.0.3) lib/active_support/tagged_logging.rb:25:in `tagged'
  activesupport (4.0.3) lib/active_support/tagged_logging.rb:67:in `tagged'
  railties (4.0.3) lib/rails/rack/logger.rb:20:in `call'
  actionpack (4.0.3) lib/action_dispatch/middleware/request_id.rb:21:in `call'
  rack (1.5.2) lib/rack/methodoverride.rb:21:in `call'
  rack (1.5.2) lib/rack/runtime.rb:17:in `call'
  activesupport (4.0.3) lib/active_support/cache/strategy/local_cache.rb:83:in `call'
  rack (1.5.2) lib/rack/lock.rb:17:in `call'
  rack-livereload (0.3.15) lib/rack/livereload.rb:23:in `_call'
  rack-livereload (0.3.15) lib/rack/livereload.rb:14:in `call'
  actionpack (4.0.3) lib/action_dispatch/middleware/static.rb:64:in `call'
  rack (1.5.2) lib/rack/sendfile.rb:112:in `call'
  railties (4.0.3) lib/rails/engine.rb:511:in `call'
  railties (4.0.3) lib/rails/application.rb:97:in `call'
  rack (1.5.2) lib/rack/lint.rb:49:in `_call'
  rack (1.5.2) lib/rack/lint.rb:37:in `call'
  rack (1.5.2) lib/rack/showexceptions.rb:24:in `call'
  rack (1.5.2) lib/rack/commonlogger.rb:33:in `call'
  rack (1.5.2) lib/rack/chunked.rb:43:in `call'
  rack (1.5.2) lib/rack/content_length.rb:14:in `call'
  unicorn (4.8.2) lib/unicorn/http_server.rb:572:in `process_client'
  unicorn (4.8.2) lib/unicorn/http_server.rb:666:in `worker_loop'
  unicorn (4.8.2) lib/unicorn/http_server.rb:521:in `spawn_missing_workers'
  unicorn (4.8.2) lib/unicorn/http_server.rb:140:in `start'
  unicorn (4.8.2) bin/unicorn:126:in `<top (required)>'
  /Users/msdark/.rvm/gems/ruby-2.1.1/bin/unicorn:23:in `load'
  /Users/msdark/.rvm/gems/ruby-2.1.1/bin/unicorn:23:in `<main>'
  /Users/msdark/.rvm/gems/ruby-2.1.1/bin/ruby_executable_hooks:15:in `eval'
  /Users/msdark/.rvm/gems/ruby-2.1.1/bin/ruby_executable_hooks:15:in `<main>'


  Rendered /Users/msdark/.rvm/gems/ruby-2.1.1/gems/actionpack-4.0.3/lib/action_dispatch/middleware/templates/rescues/_trace.erb (1.8ms)
  Rendered /Users/msdark/.rvm/gems/ruby-2.1.1/gems/actionpack-4.0.3/lib/action_dispatch/middleware/templates/routes/_route.html.erb (7.8ms)
  Rendered /Users/msdark/.rvm/gems/ruby-2.1.1/gems/actionpack-4.0.3/lib/action_dispatch/middleware/templates/routes/_table.html.erb (11.9ms)
  Rendered /Users/msdark/.rvm/gems/ruby-2.1.1/gems/actionpack-4.0.3/lib/action_dispatch/middleware/templates/rescues/routing_error.erb within rescues/layout (124.0ms)


Started GET "/a/masaje/portada-masaje.jpg" for 127.0.0.1 at 2014-05-08 23:35:17 -0400
  [1m[36mActiveRecord::SchemaMigration Load (0.6ms)[0m  [1mSELECT `schema_migrations`.* FROM `schema_migrations`[0m

ActionController::RoutingError (No route matches [GET] "/a/masaje/portada-masaje.jpg"):
  actionpack (4.0.3) lib/action_dispatch/middleware/debug_exceptions.rb:21:in `call'
  actionpack (4.0.3) lib/action_dispatch/middleware/show_exceptions.rb:30:in `call'
  railties (4.0.3) lib/rails/rack/logger.rb:38:in `call_app'
  railties (4.0.3) lib/rails/rack/logger.rb:20:in `block in call'
  activesupport (4.0.3) lib/active_support/tagged_logging.rb:67:in `block in tagged'
  activesupport (4.0.3) lib/active_support/tagged_logging.rb:25:in `tagged'
  activesupport (4.0.3) lib/active_support/tagged_logging.rb:67:in `tagged'
  railties (4.0.3) lib/rails/rack/logger.rb:20:in `call'
  actionpack (4.0.3) lib/action_dispatch/middleware/request_id.rb:21:in `call'
  rack (1.5.2) lib/rack/methodoverride.rb:21:in `call'
  rack (1.5.2) lib/rack/runtime.rb:17:in `call'
  activesupport (4.0.3) lib/active_support/cache/strategy/local_cache.rb:83:in `call'
  rack (1.5.2) lib/rack/lock.rb:17:in `call'
  rack-livereload (0.3.15) lib/rack/livereload.rb:23:in `_call'
  rack-livereload (0.3.15) lib/rack/livereload.rb:14:in `call'
  actionpack (4.0.3) lib/action_dispatch/middleware/static.rb:64:in `call'
  rack (1.5.2) lib/rack/sendfile.rb:112:in `call'
  railties (4.0.3) lib/rails/engine.rb:511:in `call'
  railties (4.0.3) lib/rails/application.rb:97:in `call'
  rack (1.5.2) lib/rack/lint.rb:49:in `_call'
  rack (1.5.2) lib/rack/lint.rb:37:in `call'
  rack (1.5.2) lib/rack/showexceptions.rb:24:in `call'
  rack (1.5.2) lib/rack/commonlogger.rb:33:in `call'
  rack (1.5.2) lib/rack/chunked.rb:43:in `call'
  rack (1.5.2) lib/rack/content_length.rb:14:in `call'
  unicorn (4.8.2) lib/unicorn/http_server.rb:572:in `process_client'
  unicorn (4.8.2) lib/unicorn/http_server.rb:666:in `worker_loop'
  unicorn (4.8.2) lib/unicorn/http_server.rb:521:in `spawn_missing_workers'
  unicorn (4.8.2) lib/unicorn/http_server.rb:140:in `start'
  unicorn (4.8.2) bin/unicorn:126:in `<top (required)>'
  /Users/msdark/.rvm/gems/ruby-2.1.1/bin/unicorn:23:in `load'
  /Users/msdark/.rvm/gems/ruby-2.1.1/bin/unicorn:23:in `<main>'
  /Users/msdark/.rvm/gems/ruby-2.1.1/bin/ruby_executable_hooks:15:in `eval'
  /Users/msdark/.rvm/gems/ruby-2.1.1/bin/ruby_executable_hooks:15:in `<main>'


  Rendered /Users/msdark/.rvm/gems/ruby-2.1.1/gems/actionpack-4.0.3/lib/action_dispatch/middleware/templates/rescues/_trace.erb (4.4ms)


Started GET "/as/masaje/portada-masaje.jpg" for 127.0.0.1 at 2014-05-08 23:35:17 -0400
  [1m[36mActiveRecord::SchemaMigration Load (0.5ms)[0m  [1mSELECT `schema_migrations`.* FROM `schema_migrations`[0m
  Rendered /Users/msdark/.rvm/gems/ruby-2.1.1/gems/actionpack-4.0.3/lib/action_dispatch/middleware/templates/routes/_route.html.erb (10.7ms)

ActionController::RoutingError (No route matches [GET] "/as/masaje/portada-masaje.jpg"):
  actionpack (4.0.3) lib/action_dispatch/middleware/debug_exceptions.rb:21:in `call'
  actionpack (4.0.3) lib/action_dispatch/middleware/show_exceptions.rb:30:in `call'
  railties (4.0.3) lib/rails/rack/logger.rb:38:in `call_app'
  railties (4.0.3) lib/rails/rack/logger.rb:20:in `block in call'
  activesupport (4.0.3) lib/active_support/tagged_logging.rb:67:in `block in tagged'
  activesupport (4.0.3) lib/active_support/tagged_logging.rb:25:in `tagged'
  activesupport (4.0.3) lib/active_support/tagged_logging.rb:67:in `tagged'
  railties (4.0.3) lib/rails/rack/logger.rb:20:in `call'
  actionpack (4.0.3) lib/action_dispatch/middleware/request_id.rb:21:in `call'
  rack (1.5.2) lib/rack/methodoverride.rb:21:in `call'
  rack (1.5.2) lib/rack/runtime.rb:17:in `call'
  activesupport (4.0.3) lib/active_support/cache/strategy/local_cache.rb:83:in `call'
  rack (1.5.2) lib/rack/lock.rb:17:in `call'
  rack-livereload (0.3.15) lib/rack/livereload.rb:23:in `_call'
  rack-livereload (0.3.15) lib/rack/livereload.rb:14:in `call'
  actionpack (4.0.3) lib/action_dispatch/middleware/static.rb:64:in `call'
  rack (1.5.2) lib/rack/sendfile.rb:112:in `call'
  railties (4.0.3) lib/rails/engine.rb:511:in `call'
  railties (4.0.3) lib/rails/application.rb:97:in `call'
  rack (1.5.2) lib/rack/lint.rb:49:in `_call'
  rack (1.5.2) lib/rack/lint.rb:37:in `call'
  rack (1.5.2) lib/rack/showexceptions.rb:24:in `call'
  rack (1.5.2) lib/rack/commonlogger.rb:33:in `call'
  rack (1.5.2) lib/rack/chunked.rb:43:in `call'
  rack (1.5.2) lib/rack/content_length.rb:14:in `call'
  unicorn (4.8.2) lib/unicorn/http_server.rb:572:in `process_client'
  unicorn (4.8.2) lib/unicorn/http_server.rb:666:in `worker_loop'
  unicorn (4.8.2) lib/unicorn/http_server.rb:521:in `spawn_missing_workers'
  unicorn (4.8.2) lib/unicorn/http_server.rb:140:in `start'
  unicorn (4.8.2) bin/unicorn:126:in `<top (required)>'
  /Users/msdark/.rvm/gems/ruby-2.1.1/bin/unicorn:23:in `load'
  /Users/msdark/.rvm/gems/ruby-2.1.1/bin/unicorn:23:in `<main>'
  /Users/msdark/.rvm/gems/ruby-2.1.1/bin/ruby_executable_hooks:15:in `eval'
  /Users/msdark/.rvm/gems/ruby-2.1.1/bin/ruby_executable_hooks:15:in `<main>'


  Rendered /Users/msdark/.rvm/gems/ruby-2.1.1/gems/actionpack-4.0.3/lib/action_dispatch/middleware/templates/routes/_table.html.erb (23.6ms)
  Rendered /Users/msdark/.rvm/gems/ruby-2.1.1/gems/actionpack-4.0.3/lib/action_dispatch/middleware/templates/rescues/routing_error.erb within rescues/layout (213.6ms)


Started GET "/ass/masaje/portada-masaje.jpg" for 127.0.0.1 at 2014-05-08 23:35:17 -0400

ActionController::RoutingError (No route matches [GET] "/ass/masaje/portada-masaje.jpg"):
  actionpack (4.0.3) lib/action_dispatch/middleware/debug_exceptions.rb:21:in `call'
  actionpack (4.0.3) lib/action_dispatch/middleware/show_exceptions.rb:30:in `call'
  railties (4.0.3) lib/rails/rack/logger.rb:38:in `call_app'
  railties (4.0.3) lib/rails/rack/logger.rb:20:in `block in call'
  activesupport (4.0.3) lib/active_support/tagged_logging.rb:67:in `block in tagged'
  activesupport (4.0.3) lib/active_support/tagged_logging.rb:25:in `tagged'
  activesupport (4.0.3) lib/active_support/tagged_logging.rb:67:in `tagged'
  railties (4.0.3) lib/rails/rack/logger.rb:20:in `call'
  actionpack (4.0.3) lib/action_dispatch/middleware/request_id.rb:21:in `call'
  rack (1.5.2) lib/rack/methodoverride.rb:21:in `call'
  rack (1.5.2) lib/rack/runtime.rb:17:in `call'
  activesupport (4.0.3) lib/active_support/cache/strategy/local_cache.rb:83:in `call'
  rack (1.5.2) lib/rack/lock.rb:17:in `call'
  rack-livereload (0.3.15) lib/rack/livereload.rb:23:in `_call'
  rack-livereload (0.3.15) lib/rack/livereload.rb:14:in `call'
  actionpack (4.0.3) lib/action_dispatch/middleware/static.rb:64:in `call'
  rack (1.5.2) lib/rack/sendfile.rb:112:in `call'
  railties (4.0.3) lib/rails/engine.rb:511:in `call'
  railties (4.0.3) lib/rails/application.rb:97:in `call'
  rack (1.5.2) lib/rack/lint.rb:49:in `_call'
  rack (1.5.2) lib/rack/lint.rb:37:in `call'
  rack (1.5.2) lib/rack/showexceptions.rb:24:in `call'
  rack (1.5.2) lib/rack/commonlogger.rb:33:in `call'
  rack (1.5.2) lib/rack/chunked.rb:43:in `call'
  rack (1.5.2) lib/rack/content_length.rb:14:in `call'
  unicorn (4.8.2) lib/unicorn/http_server.rb:572:in `process_client'
  unicorn (4.8.2) lib/unicorn/http_server.rb:666:in `worker_loop'
  unicorn (4.8.2) lib/unicorn/http_server.rb:521:in `spawn_missing_workers'
  unicorn (4.8.2) lib/unicorn/http_server.rb:140:in `start'
  unicorn (4.8.2) bin/unicorn:126:in `<top (required)>'
  /Users/msdark/.rvm/gems/ruby-2.1.1/bin/unicorn:23:in `load'
  /Users/msdark/.rvm/gems/ruby-2.1.1/bin/unicorn:23:in `<main>'
  /Users/msdark/.rvm/gems/ruby-2.1.1/bin/ruby_executable_hooks:15:in `eval'
  /Users/msdark/.rvm/gems/ruby-2.1.1/bin/ruby_executable_hooks:15:in `<main>'


  Rendered /Users/msdark/.rvm/gems/ruby-2.1.1/gems/actionpack-4.0.3/lib/action_dispatch/middleware/templates/rescues/_trace.erb (8.2ms)
  Rendered /Users/msdark/.rvm/gems/ruby-2.1.1/gems/actionpack-4.0.3/lib/action_dispatch/middleware/templates/rescues/_trace.erb (1.8ms)


Started GET "/asse/masaje/portada-masaje.jpg" for 127.0.0.1 at 2014-05-08 23:35:18 -0400
  Rendered /Users/msdark/.rvm/gems/ruby-2.1.1/gems/actionpack-4.0.3/lib/action_dispatch/middleware/templates/routes/_route.html.erb (10.2ms)
  Rendered /Users/msdark/.rvm/gems/ruby-2.1.1/gems/actionpack-4.0.3/lib/action_dispatch/middleware/templates/routes/_table.html.erb (2.6ms)
  Rendered /Users/msdark/.rvm/gems/ruby-2.1.1/gems/actionpack-4.0.3/lib/action_dispatch/middleware/templates/rescues/routing_error.erb within rescues/layout (167.0ms)

ActionController::RoutingError (No route matches [GET] "/asse/masaje/portada-masaje.jpg"):
  actionpack (4.0.3) lib/action_dispatch/middleware/debug_exceptions.rb:21:in `call'
  actionpack (4.0.3) lib/action_dispatch/middleware/show_exceptions.rb:30:in `call'
  railties (4.0.3) lib/rails/rack/logger.rb:38:in `call_app'
  railties (4.0.3) lib/rails/rack/logger.rb:20:in `block in call'
  activesupport (4.0.3) lib/active_support/tagged_logging.rb:67:in `block in tagged'
  activesupport (4.0.3) lib/active_support/tagged_logging.rb:25:in `tagged'
  activesupport (4.0.3) lib/active_support/tagged_logging.rb:67:in `tagged'
  railties (4.0.3) lib/rails/rack/logger.rb:20:in `call'
  actionpack (4.0.3) lib/action_dispatch/middleware/request_id.rb:21:in `call'
  rack (1.5.2) lib/rack/methodoverride.rb:21:in `call'
  rack (1.5.2) lib/rack/runtime.rb:17:in `call'
  activesupport (4.0.3) lib/active_support/cache/strategy/local_cache.rb:83:in `call'
  rack (1.5.2) lib/rack/lock.rb:17:in `call'
  rack-livereload (0.3.15) lib/rack/livereload.rb:23:in `_call'
  rack-livereload (0.3.15) lib/rack/livereload.rb:14:in `call'
  actionpack (4.0.3) lib/action_dispatch/middleware/static.rb:64:in `call'
  rack (1.5.2) lib/rack/sendfile.rb:112:in `call'
  railties (4.0.3) lib/rails/engine.rb:511:in `call'
  railties (4.0.3) lib/rails/application.rb:97:in `call'
  rack (1.5.2) lib/rack/lint.rb:49:in `_call'
  rack (1.5.2) lib/rack/lint.rb:37:in `call'
  rack (1.5.2) lib/rack/showexceptions.rb:24:in `call'
  rack (1.5.2) lib/rack/commonlogger.rb:33:in `call'
  rack (1.5.2) lib/rack/chunked.rb:43:in `call'
  rack (1.5.2) lib/rack/content_length.rb:14:in `call'
  unicorn (4.8.2) lib/unicorn/http_server.rb:572:in `process_client'
  unicorn (4.8.2) lib/unicorn/http_server.rb:666:in `worker_loop'
  unicorn (4.8.2) lib/unicorn/http_server.rb:521:in `spawn_missing_workers'
  unicorn (4.8.2) lib/unicorn/http_server.rb:140:in `start'
  unicorn (4.8.2) bin/unicorn:126:in `<top (required)>'
  /Users/msdark/.rvm/gems/ruby-2.1.1/bin/unicorn:23:in `load'
  /Users/msdark/.rvm/gems/ruby-2.1.1/bin/unicorn:23:in `<main>'
  /Users/msdark/.rvm/gems/ruby-2.1.1/bin/ruby_executable_hooks:15:in `eval'
  /Users/msdark/.rvm/gems/ruby-2.1.1/bin/ruby_executable_hooks:15:in `<main>'


  Rendered /Users/msdark/.rvm/gems/ruby-2.1.1/gems/actionpack-4.0.3/lib/action_dispatch/middleware/templates/routes/_route.html.erb (12.5ms)
  Rendered /Users/msdark/.rvm/gems/ruby-2.1.1/gems/actionpack-4.0.3/lib/action_dispatch/middleware/templates/rescues/_trace.erb (3.1ms)
  Rendered /Users/msdark/.rvm/gems/ruby-2.1.1/gems/actionpack-4.0.3/lib/action_dispatch/middleware/templates/routes/_table.html.erb (19.5ms)
  Rendered /Users/msdark/.rvm/gems/ruby-2.1.1/gems/actionpack-4.0.3/lib/action_dispatch/middleware/templates/rescues/routing_error.erb within rescues/layout (249.0ms)


Started GET "/asset/masaje/portada-masaje.jpg" for 127.0.0.1 at 2014-05-08 23:35:18 -0400

ActionController::RoutingError (No route matches [GET] "/asset/masaje/portada-masaje.jpg"):
  actionpack (4.0.3) lib/action_dispatch/middleware/debug_exceptions.rb:21:in `call'
  actionpack (4.0.3) lib/action_dispatch/middleware/show_exceptions.rb:30:in `call'
  railties (4.0.3) lib/rails/rack/logger.rb:38:in `call_app'
  railties (4.0.3) lib/rails/rack/logger.rb:20:in `block in call'
  activesupport (4.0.3) lib/active_support/tagged_logging.rb:67:in `block in tagged'
  activesupport (4.0.3) lib/active_support/tagged_logging.rb:25:in `tagged'
  activesupport (4.0.3) lib/active_support/tagged_logging.rb:67:in `tagged'
  railties (4.0.3) lib/rails/rack/logger.rb:20:in `call'
  actionpack (4.0.3) lib/action_dispatch/middleware/request_id.rb:21:in `call'
  rack (1.5.2) lib/rack/methodoverride.rb:21:in `call'
  rack (1.5.2) lib/rack/runtime.rb:17:in `call'
  activesupport (4.0.3) lib/active_support/cache/strategy/local_cache.rb:83:in `call'
  rack (1.5.2) lib/rack/lock.rb:17:in `call'
  rack-livereload (0.3.15) lib/rack/livereload.rb:23:in `_call'
  rack-livereload (0.3.15) lib/rack/livereload.rb:14:in `call'
  actionpack (4.0.3) lib/action_dispatch/middleware/static.rb:64:in `call'
  rack (1.5.2) lib/rack/sendfile.rb:112:in `call'
  railties (4.0.3) lib/rails/engine.rb:511:in `call'
  railties (4.0.3) lib/rails/application.rb:97:in `call'
  rack (1.5.2) lib/rack/lint.rb:49:in `_call'
  rack (1.5.2) lib/rack/lint.rb:37:in `call'
  rack (1.5.2) lib/rack/showexceptions.rb:24:in `call'
  rack (1.5.2) lib/rack/commonlogger.rb:33:in `call'
  rack (1.5.2) lib/rack/chunked.rb:43:in `call'
  rack (1.5.2) lib/rack/content_length.rb:14:in `call'
  unicorn (4.8.2) lib/unicorn/http_server.rb:572:in `process_client'
  unicorn (4.8.2) lib/unicorn/http_server.rb:666:in `worker_loop'
  unicorn (4.8.2) lib/unicorn/http_server.rb:521:in `spawn_missing_workers'
  unicorn (4.8.2) lib/unicorn/http_server.rb:140:in `start'
  unicorn (4.8.2) bin/unicorn:126:in `<top (required)>'
  /Users/msdark/.rvm/gems/ruby-2.1.1/bin/unicorn:23:in `load'
  /Users/msdark/.rvm/gems/ruby-2.1.1/bin/unicorn:23:in `<main>'
  /Users/msdark/.rvm/gems/ruby-2.1.1/bin/ruby_executable_hooks:15:in `eval'
  /Users/msdark/.rvm/gems/ruby-2.1.1/bin/ruby_executable_hooks:15:in `<main>'


  Rendered /Users/msdark/.rvm/gems/ruby-2.1.1/gems/actionpack-4.0.3/lib/action_dispatch/middleware/templates/routes/_route.html.erb (14.5ms)
  Rendered /Users/msdark/.rvm/gems/ruby-2.1.1/gems/actionpack-4.0.3/lib/action_dispatch/middleware/templates/routes/_table.html.erb (2.8ms)
  Rendered /Users/msdark/.rvm/gems/ruby-2.1.1/gems/actionpack-4.0.3/lib/action_dispatch/middleware/templates/rescues/routing_error.erb within rescues/layout (160.8ms)
  Rendered /Users/msdark/.rvm/gems/ruby-2.1.1/gems/actionpack-4.0.3/lib/action_dispatch/middleware/templates/rescues/_trace.erb (1.6ms)
  Rendered /Users/msdark/.rvm/gems/ruby-2.1.1/gems/actionpack-4.0.3/lib/action_dispatch/middleware/templates/routes/_route.html.erb (9.5ms)
  Rendered /Users/msdark/.rvm/gems/ruby-2.1.1/gems/actionpack-4.0.3/lib/action_dispatch/middleware/templates/routes/_table.html.erb (1.7ms)
  Rendered /Users/msdark/.rvm/gems/ruby-2.1.1/gems/actionpack-4.0.3/lib/action_dispatch/middleware/templates/rescues/routing_error.erb within rescues/layout (107.0ms)


Started GET "/assets/masaje/portada-masaje.jpg" for 127.0.0.1 at 2014-05-08 23:35:18 -0400
